#
# There is insufficient memory for the Java Runtime Environment to continue.
# Native memory allocation (mmap) failed to map 264241152 bytes for G1 virtual space
# Possible reasons:
#   The system is out of physical RAM or swap space
#   The process is running with CompressedOops enabled, and the Java Heap may be blocking the growth of the native heap
# Possible solutions:
#   Reduce memory load on the system
#   Increase physical memory or swap space
#   Check if swap backing store is full
#   Decrease Java heap size (-Xmx/-Xms)
#   Decrease number of Java threads
#   Decrease Java thread stack sizes (-Xss)
#   Set larger code cache with -XX:ReservedCodeCacheSize=
#   JVM is running with Zero Based Compressed Oops mode in which the Java heap is
#     placed in the first 32GB address space. The Java Heap base address is the
#     maximum limit for the native heap growth. Please use -XX:HeapBaseMinAddress
#     to set the Java Heap base and to place the Java Heap above 32GB virtual address.
# This output file may be truncated or incomplete.
#
#  Out of Memory Error (os_windows.cpp:3600), pid=58180, tid=58200
#
# JRE version:  (21.0.2+13) (build )
# Java VM: Java HotSpot(TM) 64-Bit Server VM (21.0.2+13-LTS-58, mixed mode, sharing, tiered, compressed oops, compressed class ptrs, g1 gc, windows-amd64)
# No core dump will be written. Minidumps are not enabled by default on client versions of Windows
#

---------------  S U M M A R Y ------------

Command Line: -agentlib:jdwp=transport=dt_socket,server=n,suspend=y,address=localhost:58698 -XX:+ShowCodeDetailsInExceptionMessages --module-path=C:\Users\snamo\Downloads\Addhere8 (5)\Addhere8 (3)\Addhere8\Addhere1 (6)\Addhere1 (5)\Addhere1 (2)\Addhere1\Addhere1\APP_T27\club\target\classes;C:\Users\snamo\.m2\repository\com\google\zxing\core\3.4.0\core-3.4.0.jar;C:\Users\snamo\.m2\repository\com\google\zxing\javase\3.4.0\javase-3.4.0.jar;C:\Users\snamo\.m2\repository\com\google\protobuf\protobuf-java\3.25.1\protobuf-java-3.25.1.jar;C:\Users\snamo\.m2\repository\org\openjfx\javafx-controls\20\javafx-controls-20-win.jar;C:\Users\snamo\.m2\repository\org\openjfx\javafx-graphics\20\javafx-graphics-20-win.jar;C:\Users\snamo\.m2\repository\org\openjfx\javafx-base\20\javafx-base-20-win.jar;C:\Users\snamo\.m2\repository\org\openjfx\javafx-fxml\20\javafx-fxml-20-win.jar;C:\Users\snamo\.m2\repository\com\sun\mail\javax.mail\1.6.2\javax.mail-1.6.2.jar -Djdk.module.main=com.example.demo1 com.example.demo1/com.club.Controller.OurApplication

Host: 11th Gen Intel(R) Core(TM) i5-11400H @ 2.70GHz, 12 cores, 15G,  Windows 11 , 64 bit Build 22621 (10.0.22621.3527)
Time: Tue Apr 30 20:21:28 2024 Afr. centrale Ouest elapsed time: 0.012212 seconds (0d 0h 0m 0s)

---------------  T H R E A D  ---------------

Current thread (0x000001c6d762b330):  JavaThread "Unknown thread" [_thread_in_vm, id=58200, stack(0x0000009511500000,0x0000009511600000) (1024K)]

Stack: [0x0000009511500000,0x0000009511600000]
Native frames: (J=compiled Java code, j=interpreted, Vv=VM code, C=native code)
V  [jvm.dll+0x6cade9]
V  [jvm.dll+0x8569c1]
V  [jvm.dll+0x858d2e]
V  [jvm.dll+0x859413]
V  [jvm.dll+0x280e56]
V  [jvm.dll+0x6c74d5]
V  [jvm.dll+0x6bbeca]
V  [jvm.dll+0x355bca]
V  [jvm.dll+0x35d816]
V  [jvm.dll+0x3ae67e]
V  [jvm.dll+0x3ae928]
V  [jvm.dll+0x3295dc]
V  [jvm.dll+0x32a16b]
V  [jvm.dll+0x81efa9]
V  [jvm.dll+0x3bba01]
V  [jvm.dll+0x807928]
V  [jvm.dll+0x44f50e]
V  [jvm.dll+0x450e11]
C  [jli.dll+0x52a3]
C  [ucrtbase.dll+0x29333]
C  [KERNEL32.DLL+0x1257d]
C  [ntdll.dll+0x5aa48]


---------------  P R O C E S S  ---------------

Threads class SMR info:
_java_thread_list=0x00007ffde91fbb88, length=0, elements={
}

Java Threads: ( => current thread )
Total: 0

Other Threads:
  0x000001c6d981f550 WorkerThread "GC Thread#0"                     [id=58204, stack(0x0000009511600000,0x0000009511700000) (1024K)]
  0x000001c6d9831d50 ConcurrentGCThread "G1 Main Marker"            [id=58208, stack(0x0000009511700000,0x0000009511800000) (1024K)]
  0x000001c6d9832ef0 WorkerThread "G1 Conc#0"                       [id=58212, stack(0x0000009511800000,0x0000009511900000) (1024K)]

[error occurred during error reporting (printing all threads), id 0xc0000005, EXCEPTION_ACCESS_VIOLATION (0xc0000005) at pc=0x00007ffde896c6a7]
VM state: not at safepoint (not fully initialized)

VM Mutex/Monitor currently owned by a thread:  ([mutex/lock_event])
[0x00007ffde926ce68] Heap_lock - owner thread: 0x000001c6d762b330

Heap address: 0x0000000704a00000, size: 4022 MB, Compressed Oops mode: Zero based, Oop shift amount: 3

CDS archive(s) mapped at: [0x0000000000000000-0x0000000000000000-0x0000000000000000), size 0, SharedBaseAddress: 0x0000000800000000, ArchiveRelocationMode: 1.
Narrow klass base: 0x0000000000000000, Narrow klass shift: 0, Narrow klass range: 0x0

GC Precious Log:
 CardTable entry size: 512
 Card Set container configuration: InlinePtr #cards 4 size 8 Array Of Cards #cards 16 size 48 Howl #buckets 8 coarsen threshold 3686 Howl Bitmap #cards 512 size 80 coarsen threshold 460 Card regions per heap region 1 cards per card region 4096

Heap:
 garbage-first heap   total 0K, used 0K [0x0000000704a00000, 0x0000000800000000)
  region size 2048K, 0 young (0K), 0 survivors (0K)

[error occurred during error reporting (printing heap information), id 0xc0000005, EXCEPTION_ACCESS_VIOLATION (0xc0000005) at pc=0x00007ffde8d539f9]
GC Heap History (0 events):
No events

Dll operation events (1 events):
Event: 0.007 Loaded shared library C:\Program Files\Java\jdk-21\bin\java.dll

Deoptimization events (0 events):
No events

Classes loaded (0 events):
No events

Classes unloaded (0 events):
No events

Classes redefined (0 events):
No events

Internal exceptions (0 events):
No events

ZGC Phase Switch (0 events):
No events

VM Operations (0 events):
No events

Events (0 events):
No events


Dynamic libraries:
0x00007ff6d45a0000 - 0x00007ff6d45b0000 	C:\Program Files\Java\jdk-21\bin\java.exe
0x00007ffe89b70000 - 0x00007ffe89d87000 	C:\WINDOWS\SYSTEM32\ntdll.dll
0x00007ffe88730000 - 0x00007ffe887f4000 	C:\WINDOWS\System32\KERNEL32.DLL
0x00007ffe873a0000 - 0x00007ffe87747000 	C:\WINDOWS\System32\KERNELBASE.dll
0x00007ffe87750000 - 0x00007ffe87861000 	C:\WINDOWS\System32\ucrtbase.dll
0x00007ffe56ff0000 - 0x00007ffe5700b000 	C:\Program Files\Java\jdk-21\bin\VCRUNTIME140.dll
0x00007ffe5d600000 - 0x00007ffe5d619000 	C:\Program Files\Java\jdk-21\bin\jli.dll
0x00007ffe87ce0000 - 0x00007ffe87d92000 	C:\WINDOWS\System32\ADVAPI32.dll
0x00007ffe88ec0000 - 0x00007ffe88f67000 	C:\WINDOWS\System32\msvcrt.dll
0x00007ffe88800000 - 0x00007ffe888a8000 	C:\WINDOWS\System32\sechost.dll
0x00007ffe86e60000 - 0x00007ffe86e88000 	C:\WINDOWS\System32\bcrypt.dll
0x00007ffe884a0000 - 0x00007ffe885b5000 	C:\WINDOWS\System32\RPCRT4.dll
0x00007ffe898b0000 - 0x00007ffe89a5e000 	C:\WINDOWS\System32\USER32.dll
0x00007ffe872d0000 - 0x00007ffe872f6000 	C:\WINDOWS\System32\win32u.dll
0x00007ffe61fd0000 - 0x00007ffe62263000 	C:\WINDOWS\WinSxS\amd64_microsoft.windows.common-controls_6595b64144ccf1df_6.0.22621.3527_none_270e469b73872a76\COMCTL32.dll
0x00007ffe87da0000 - 0x00007ffe87dc9000 	C:\WINDOWS\System32\GDI32.dll
0x00007ffe87000000 - 0x00007ffe87119000 	C:\WINDOWS\System32\gdi32full.dll
0x00007ffe87300000 - 0x00007ffe8739a000 	C:\WINDOWS\System32\msvcp_win.dll
0x00007ffe7cce0000 - 0x00007ffe7ccea000 	C:\WINDOWS\SYSTEM32\VERSION.dll
0x00007ffe87dd0000 - 0x00007ffe87e01000 	C:\WINDOWS\System32\IMM32.DLL
0x00007ffe73a50000 - 0x00007ffe73a5c000 	C:\Program Files\Java\jdk-21\bin\vcruntime140_1.dll
0x00007ffe32b80000 - 0x00007ffe32c0e000 	C:\Program Files\Java\jdk-21\bin\msvcp140.dll
0x00007ffde8630000 - 0x00007ffde9347000 	C:\Program Files\Java\jdk-21\bin\server\jvm.dll
0x00007ffe88f70000 - 0x00007ffe88fe1000 	C:\WINDOWS\System32\WS2_32.dll
0x00007ffe85ce0000 - 0x00007ffe85d2d000 	C:\WINDOWS\SYSTEM32\POWRPROF.dll
0x00007ffe7ca50000 - 0x00007ffe7ca84000 	C:\WINDOWS\SYSTEM32\WINMM.dll
0x00007ffe85cc0000 - 0x00007ffe85cd3000 	C:\WINDOWS\SYSTEM32\UMPDC.dll
0x00007ffe85f70000 - 0x00007ffe85f88000 	C:\WINDOWS\SYSTEM32\kernel.appcore.dll
0x00007ffe6dcd0000 - 0x00007ffe6dcda000 	C:\Program Files\Java\jdk-21\bin\jimage.dll
0x00007ffe84740000 - 0x00007ffe84973000 	C:\WINDOWS\SYSTEM32\DBGHELP.DLL
0x00007ffe88b30000 - 0x00007ffe88eb8000 	C:\WINDOWS\System32\combase.dll
0x00007ffe87a20000 - 0x00007ffe87af7000 	C:\WINDOWS\System32\OLEAUT32.dll
0x00007ffe69e50000 - 0x00007ffe69e82000 	C:\WINDOWS\SYSTEM32\dbgcore.DLL
0x00007ffe871e0000 - 0x00007ffe87259000 	C:\WINDOWS\System32\bcryptPrimitives.dll
0x00007ffe75c80000 - 0x00007ffe75cbc000 	C:\Program Files\Java\jdk-21\bin\jdwp.dll
0x00007ffe513b0000 - 0x00007ffe513cf000 	C:\Program Files\Java\jdk-21\bin\java.dll

dbghelp: loaded successfully - version: 4.0.5 - missing functions: none
symbol engine: initialized successfully - sym options: 0x614 - pdb path: .;C:\Program Files\Java\jdk-21\bin;C:\WINDOWS\SYSTEM32;C:\WINDOWS\WinSxS\amd64_microsoft.windows.common-controls_6595b64144ccf1df_6.0.22621.3527_none_270e469b73872a76;C:\Program Files\Java\jdk-21\bin\server

VM Arguments:
jvm_args: -agentlib:jdwp=transport=dt_socket,server=n,suspend=y,address=localhost:58698 -XX:+ShowCodeDetailsInExceptionMessages --module-path=C:\Users\snamo\Downloads\Addhere8 (5)\Addhere8 (3)\Addhere8\Addhere1 (6)\Addhere1 (5)\Addhere1 (2)\Addhere1\Addhere1\APP_T27\club\target\classes;C:\Users\snamo\.m2\repository\com\google\zxing\core\3.4.0\core-3.4.0.jar;C:\Users\snamo\.m2\repository\com\google\zxing\javase\3.4.0\javase-3.4.0.jar;C:\Users\snamo\.m2\repository\com\google\protobuf\protobuf-java\3.25.1\protobuf-java-3.25.1.jar;C:\Users\snamo\.m2\repository\org\openjfx\javafx-controls\20\javafx-controls-20-win.jar;C:\Users\snamo\.m2\repository\org\openjfx\javafx-graphics\20\javafx-graphics-20-win.jar;C:\Users\snamo\.m2\repository\org\openjfx\javafx-base\20\javafx-base-20-win.jar;C:\Users\snamo\.m2\repository\org\openjfx\javafx-fxml\20\javafx-fxml-20-win.jar;C:\Users\snamo\.m2\repository\com\sun\mail\javax.mail\1.6.2\javax.mail-1.6.2.jar -Djdk.module.main=com.example.demo1 
java_command: com.example.demo1/com.club.Controller.OurApplication
java_class_path (initial): C:\Users\snamo\.m2\repository\com\beust\jcommander\1.72\jcommander-1.72.jar;C:\Users\snamo\.m2\repository\com\github\jai-imageio\jai-imageio-core\1.4.0\jai-imageio-core-1.4.0.jar;C:\Users\snamo\.m2\repository\com\mysql\mysql-connector-j\8.3.0\mysql-connector-j-8.3.0.jar;C:\Users\snamo\.m2\repository\com\jfoenix\jfoenix\9.0.10\jfoenix-9.0.10.jar;C:\Users\snamo\.m2\repository\org\openjfx\javafx-controls\20\javafx-controls-20.jar;C:\Users\snamo\.m2\repository\org\openjfx\javafx-graphics\20\javafx-graphics-20.jar;C:\Users\snamo\.m2\repository\org\openjfx\javafx-base\20\javafx-base-20.jar;C:\Users\snamo\.m2\repository\org\openjfx\javafx-fxml\20\javafx-fxml-20.jar;C:\Users\snamo\.m2\repository\javax\activation\activation\1.1\activation-1.1.jar
Launcher Type: SUN_STANDARD

[Global flags]
     intx CICompilerCount                          = 4                                         {product} {ergonomic}
     uint ConcGCThreads                            = 3                                         {product} {ergonomic}
     uint G1ConcRefinementThreads                  = 10                                        {product} {ergonomic}
   size_t G1HeapRegionSize                         = 2097152                                   {product} {ergonomic}
    uintx GCDrainStackTargetSize                   = 64                                        {product} {ergonomic}
   size_t InitialHeapSize                          = 264241152                                 {product} {ergonomic}
   size_t MarkStackSize                            = 4194304                                   {product} {ergonomic}
   size_t MaxHeapSize                              = 4217372672                                {product} {ergonomic}
   size_t MinHeapDeltaBytes                        = 2097152                                   {product} {ergonomic}
   size_t MinHeapSize                              = 8388608                                   {product} {ergonomic}
    uintx NonNMethodCodeHeapSize                   = 5839372                                {pd product} {ergonomic}
    uintx NonProfiledCodeHeapSize                  = 122909434                              {pd product} {ergonomic}
    uintx ProfiledCodeHeapSize                     = 122909434                              {pd product} {ergonomic}
    uintx ReservedCodeCacheSize                    = 251658240                              {pd product} {ergonomic}
     bool SegmentedCodeCache                       = true                                      {product} {ergonomic}
     bool ShowCodeDetailsInExceptionMessages       = true                                   {manageable} {command line}
   size_t SoftMaxHeapSize                          = 4217372672                             {manageable} {ergonomic}
     bool UseCompressedOops                        = true                           {product lp64_product} {ergonomic}
     bool UseG1GC                                  = true                                      {product} {ergonomic}
     bool UseLargePagesIndividualAllocation        = false                                  {pd product} {ergonomic}

Logging:
Log output configuration:
 #0: stdout all=warning uptime,level,tags foldmultilines=false
 #1: stderr all=off uptime,level,tags foldmultilines=false

Environment Variables:
JAVA_HOME=C:\Program Files\Java\jdk-21
PATH=C:\apache-maven-3.9.6-bin\apache-maven-3.9.6\bin;C:\Users\snamo\AppData\Local\Programs\Python\Python312\Scripts\;C:\Users\snamo\AppData\Local\Programs\Python\Python312\;C:\Windows\System32;C:\Users\snamo\AppData\Local\Programs\Microsoft VS Code\bin;C:\Program Files\Java\jdk-21;C:\javafx-sdk-21.0.2;C:\javafx-sdk-21.0.2\lib;C:\Program Files\Java\jdk-21\bin;C:\ProgramData\Microsoft\Windows\Start Menu\Programs\Git;C:\Program Files\Git\bin;C:\Program Files\Git\cmd;C:\Users\snamo\AppData\Local\Programs\Python\Python312\Scripts\;C:\Users\snamo\AppData\Local\Programs\Python\Python312\;C:\Windows\System32;C:\Users\snamo\AppData\Local\Programs\Microsoft VS Code\bin;C:\Program Files\Java\jdk-21\bin;C:\Program Files\Git\cmd;C:\Program Files\Git\bin;
USERNAME=snamo
LANG=en_US.UTF-8
OS=Windows_NT
PROCESSOR_IDENTIFIER=Intel64 Family 6 Model 141 Stepping 1, GenuineIntel
TMP=C:\Users\snamo\AppData\Local\Temp
TEMP=C:\Users\snamo\AppData\Local\Temp




Periodic native trim disabled

---------------  S Y S T E M  ---------------

OS:
 Windows 11 , 64 bit Build 22621 (10.0.22621.3527)
OS uptime: 4 days 2:44 hours

CPU: total 12 (initial active 12) (6 cores per cpu, 2 threads per core) family 6 model 141 stepping 1 microcode 0x34, cx8, cmov, fxsr, ht, mmx, 3dnowpref, sse, sse2, sse3, ssse3, sse4.1, sse4.2, popcnt, lzcnt, tsc, tscinvbit, avx, avx2, aes, erms, clmul, bmi1, bmi2, adx, avx512f, avx512dq, avx512cd, avx512bw, avx512vl, sha, fma, vzeroupper, avx512_vpopcntdq, avx512_vpclmulqdq, avx512_vaes, avx512_vnni, clflush, clflushopt, clwb, avx512_vbmi2, avx512_vbmi, rdtscp, rdpid, fsrm, gfni, avx512_bitalg, f16c, pku, cet_ibt, cet_ss, avx512_ifma
Processor Information for all 12 processors :
  Max Mhz: 2688, Current Mhz: 2688, Mhz Limit: 2688

Memory: 4k page, system-wide physical 16085M (571M free)
TotalPageFile size 37335M (AvailPageFile size 230M)
current process WorkingSet (physical memory assigned to process): 11M, peak: 11M
current process commit charge ("private bytes"): 64M, peak: 316M

vm_info: Java HotSpot(TM) 64-Bit Server VM (21.0.2+13-LTS-58) for windows-amd64 JRE (21.0.2+13-LTS-58), built on 2024-01-05T18:32:24Z by "mach5one" with MS VC++ 17.1 (VS2022)

END.
