#
# There is insufficient memory for the Java Runtime Environment to continue.
# Native memory allocation (malloc) failed to allocate 1227536 bytes for Chunk::new
# Possible reasons:
#   The system is out of physical RAM or swap space
#   The process is running with CompressedOops enabled, and the Java Heap may be blocking the growth of the native heap
# Possible solutions:
#   Reduce memory load on the system
#   Increase physical memory or swap space
#   Check if swap backing store is full
#   Decrease Java heap size (-Xmx/-Xms)
#   Decrease number of Java threads
#   Decrease Java thread stack sizes (-Xss)
#   Set larger code cache with -XX:ReservedCodeCacheSize=
#   JVM is running with Zero Based Compressed Oops mode in which the Java heap is
#     placed in the first 32GB address space. The Java Heap base address is the
#     maximum limit for the native heap growth. Please use -XX:HeapBaseMinAddress
#     to set the Java Heap base and to place the Java Heap above 32GB virtual address.
# This output file may be truncated or incomplete.
#
#  Out of Memory Error (arena.cpp:168), pid=43364, tid=17496
#
# JRE version: Java(TM) SE Runtime Environment (21.0.2+13) (build 21.0.2+13-LTS-58)
# Java VM: Java HotSpot(TM) 64-Bit Server VM (21.0.2+13-LTS-58, mixed mode, sharing, tiered, compressed oops, compressed class ptrs, g1 gc, windows-amd64)
# No core dump will be written. Minidumps are not enabled by default on client versions of Windows
#

---------------  S U M M A R Y ------------

Command Line: -agentlib:jdwp=transport=dt_socket,server=n,suspend=y,address=localhost:58724 -XX:+ShowCodeDetailsInExceptionMessages --module-path=C:\Users\snamo\Downloads\Addhere8 (5)\Addhere8 (3)\Addhere8\Addhere1 (6)\Addhere1 (5)\Addhere1 (2)\Addhere1\Addhere1\APP_T27\club\target\classes;C:\Users\snamo\.m2\repository\com\google\zxing\core\3.4.0\core-3.4.0.jar;C:\Users\snamo\.m2\repository\com\google\zxing\javase\3.4.0\javase-3.4.0.jar;C:\Users\snamo\.m2\repository\com\google\protobuf\protobuf-java\3.25.1\protobuf-java-3.25.1.jar;C:\Users\snamo\.m2\repository\org\openjfx\javafx-controls\20\javafx-controls-20-win.jar;C:\Users\snamo\.m2\repository\org\openjfx\javafx-graphics\20\javafx-graphics-20-win.jar;C:\Users\snamo\.m2\repository\org\openjfx\javafx-base\20\javafx-base-20-win.jar;C:\Users\snamo\.m2\repository\org\openjfx\javafx-fxml\20\javafx-fxml-20-win.jar;C:\Users\snamo\.m2\repository\com\sun\mail\javax.mail\1.6.2\javax.mail-1.6.2.jar -Djdk.module.main=com.example.demo1 com.example.demo1/com.club.Controller.OurApplication

Host: 11th Gen Intel(R) Core(TM) i5-11400H @ 2.70GHz, 12 cores, 15G,  Windows 11 , 64 bit Build 22621 (10.0.22621.3527)
Time: Tue Apr 30 20:21:40 2024 Afr. centrale Ouest elapsed time: 1.657998 seconds (0d 0h 0m 1s)

---------------  T H R E A D  ---------------

Current thread (0x00000252ca670b50):  JavaThread "C2 CompilerThread1" daemon [_thread_in_native, id=17496, stack(0x000000fbcbf00000,0x000000fbcc000000) (1024K)]


Current CompileTask:
C2:   1658 1745   !   4       javafx.css.CssLexer::getToken (1356 bytes)

Stack: [0x000000fbcbf00000,0x000000fbcc000000]
Native frames: (J=compiled Java code, j=interpreted, Vv=VM code, C=native code)
V  [jvm.dll+0x6cade9]
V  [jvm.dll+0x8569c1]
V  [jvm.dll+0x858d2e]
V  [jvm.dll+0x859413]
V  [jvm.dll+0x280e56]
V  [jvm.dll+0xc3f3d]
V  [jvm.dll+0xc4473]
V  [jvm.dll+0x3b5bf2]
V  [jvm.dll+0x382855]
V  [jvm.dll+0x381cca]
V  [jvm.dll+0x249bd0]
V  [jvm.dll+0x2491b1]
V  [jvm.dll+0x1c9634]
V  [jvm.dll+0x258859]
V  [jvm.dll+0x256e3a]
V  [jvm.dll+0x3ef6c6]
V  [jvm.dll+0x7ff568]
V  [jvm.dll+0x6c953d]
C  [ucrtbase.dll+0x29333]
C  [KERNEL32.DLL+0x1257d]
C  [ntdll.dll+0x5aa48]


---------------  P R O C E S S  ---------------

Threads class SMR info:
_java_thread_list=0x00000253150ce5d0, length=19, elements={
0x00000252a8bac130, 0x00000252c9b882b0, 0x00000252c9b89000, 0x00000252c9b8a200,
0x00000252c9b8d550, 0x00000252c9b91100, 0x00000252c9b961a0, 0x00000252c9ba1080,
0x00000252c9ba1c50, 0x00000252ca598cc0, 0x00000253102677e0, 0x0000025310362bf0,
0x00000252ca670b50, 0x0000025310160f60, 0x00000253106c3860, 0x0000025310712ee0,
0x0000025315180d70, 0x0000025315184c20, 0x000002531568d6f0
}

Java Threads: ( => current thread )
  0x00000252a8bac130 JavaThread "main"                              [_thread_blocked, id=50776, stack(0x000000fbcae00000,0x000000fbcaf00000) (1024K)]
  0x00000252c9b882b0 JavaThread "Reference Handler"          daemon [_thread_blocked, id=46000, stack(0x000000fbcb600000,0x000000fbcb700000) (1024K)]
  0x00000252c9b89000 JavaThread "Finalizer"                  daemon [_thread_blocked, id=58164, stack(0x000000fbcb700000,0x000000fbcb800000) (1024K)]
  0x00000252c9b8a200 JavaThread "Signal Dispatcher"          daemon [_thread_blocked, id=43056, stack(0x000000fbcb800000,0x000000fbcb900000) (1024K)]
  0x00000252c9b8d550 JavaThread "Attach Listener"            daemon [_thread_blocked, id=58076, stack(0x000000fbcb900000,0x000000fbcba00000) (1024K)]
  0x00000252c9b91100 JavaThread "Service Thread"             daemon [_thread_blocked, id=58344, stack(0x000000fbcba00000,0x000000fbcbb00000) (1024K)]
  0x00000252c9b961a0 JavaThread "Monitor Deflation Thread"   daemon [_thread_blocked, id=58364, stack(0x000000fbcbb00000,0x000000fbcbc00000) (1024K)]
  0x00000252c9ba1080 JavaThread "C2 CompilerThread0"         daemon [_thread_blocked, id=56748, stack(0x000000fbcbc00000,0x000000fbcbd00000) (1024K)]
  0x00000252c9ba1c50 JavaThread "C1 CompilerThread0"         daemon [_thread_blocked, id=53772, stack(0x000000fbcbd00000,0x000000fbcbe00000) (1024K)]
  0x00000252ca598cc0 JavaThread "Common-Cleaner"             daemon [_thread_blocked, id=45832, stack(0x000000fbcbe00000,0x000000fbcbf00000) (1024K)]
  0x00000253102677e0 JavaThread "JDWP Event Helper Thread"   daemon [_thread_blocked, id=15812, stack(0x000000fbcc200000,0x000000fbcc300000) (1024K)]
  0x0000025310362bf0 JavaThread "Notification Thread"        daemon [_thread_blocked, id=32320, stack(0x000000fbcc400000,0x000000fbcc500000) (1024K)]
=>0x00000252ca670b50 JavaThread "C2 CompilerThread1"         daemon [_thread_in_native, id=17496, stack(0x000000fbcbf00000,0x000000fbcc000000) (1024K)]
  0x0000025310160f60 JavaThread "QuantumRenderer-0"          daemon [_thread_blocked, id=46280, stack(0x000000fbcc500000,0x000000fbcc600000) (1024K)]
  0x00000253106c3860 JavaThread "InvokeLaterDispatcher"      daemon [_thread_blocked, id=38980, stack(0x000000fbcc000000,0x000000fbcc100000) (1024K)]
  0x0000025310712ee0 JavaThread "JavaFX Application Thread"         [_thread_in_vm, id=53576, stack(0x000000fbcc600000,0x000000fbcc700000) (1024K)]
  0x0000025315180d70 JavaThread "Thread-1"                   daemon [_thread_in_native, id=57588, stack(0x000000fbcd000000,0x000000fbcd100000) (1024K)]
  0x0000025315184c20 JavaThread "JavaFX-Launcher"                   [_thread_blocked, id=57584, stack(0x000000fbcd100000,0x000000fbcd200000) (1024K)]
  0x000002531568d6f0 JavaThread "C2 CompilerThread2"         daemon [_thread_blocked, id=14076, stack(0x000000fbcd200000,0x000000fbcd300000) (1024K)]
Total: 19

Other Threads:
  0x00000252c9b68780 VMThread "VM Thread"                           [id=56772, stack(0x000000fbcb500000,0x000000fbcb600000) (1024K)]
  0x00000252c9b53110 WatcherThread "VM Periodic Task Thread"        [id=58224, stack(0x000000fbcb400000,0x000000fbcb500000) (1024K)]
  0x00000252a8eef060 WorkerThread "GC Thread#0"                     [id=11544, stack(0x000000fbcaf00000,0x000000fbcb000000) (1024K)]
  0x000002531518f0a0 WorkerThread "GC Thread#1"                     [id=54980, stack(0x000000fbcca00000,0x000000fbccb00000) (1024K)]
  0x000002531519e7f0 WorkerThread "GC Thread#2"                     [id=57672, stack(0x000000fbccb00000,0x000000fbccc00000) (1024K)]
  0x000002531519fdb0 WorkerThread "GC Thread#3"                     [id=56244, stack(0x000000fbccc00000,0x000000fbccd00000) (1024K)]
  0x000002531519f2d0 WorkerThread "GC Thread#4"                     [id=34956, stack(0x000000fbccd00000,0x000000fbcce00000) (1024K)]
  0x000002531519f670 WorkerThread "GC Thread#5"                     [id=34552, stack(0x000000fbcce00000,0x000000fbccf00000) (1024K)]
  0x000002531519fa10 WorkerThread "GC Thread#6"                     [id=46520, stack(0x000000fbccf00000,0x000000fbcd000000) (1024K)]
  0x00000252a8effd40 ConcurrentGCThread "G1 Main Marker"            [id=56444, stack(0x000000fbcb000000,0x000000fbcb100000) (1024K)]
  0x00000252a8f00fe0 WorkerThread "G1 Conc#0"                       [id=35816, stack(0x000000fbcb100000,0x000000fbcb200000) (1024K)]
  0x00000252a8f4eb60 ConcurrentGCThread "G1 Refine#0"               [id=10360, stack(0x000000fbcb200000,0x000000fbcb300000) (1024K)]
  0x00000252c9a22c50 ConcurrentGCThread "G1 Service"                [id=56400, stack(0x000000fbcb300000,0x000000fbcb400000) (1024K)]
Total: 13

Threads with active compile tasks:
C2 CompilerThread1     1675 1745   !   4       javafx.css.CssLexer::getToken (1356 bytes)
Total: 1

VM state: not at safepoint (normal execution)

VM Mutex/Monitor currently owned by a thread:  ([mutex/lock_event])
[0x00007ffde926b168] AdapterHandlerLibrary_lock - owner thread: 0x0000025310712ee0

Heap address: 0x0000000704a00000, size: 4022 MB, Compressed Oops mode: Zero based, Oop shift amount: 3

CDS archive(s) mapped at: [0x00000252cb000000-0x00000252cbc90000-0x00000252cbc90000), size 13172736, SharedBaseAddress: 0x00000252cb000000, ArchiveRelocationMode: 1.
Compressed class space mapped at: 0x00000252cc000000-0x000002530c000000, reserved size: 1073741824
Narrow klass base: 0x00000252cb000000, Narrow klass shift: 0, Narrow klass range: 0x100000000

GC Precious Log:
 CardTable entry size: 512
 Card Set container configuration: InlinePtr #cards 4 size 8 Array Of Cards #cards 16 size 48 Howl #buckets 8 coarsen threshold 3686 Howl Bitmap #cards 512 size 80 coarsen threshold 460 Card regions per heap region 1 cards per card region 4096
 CPUs: 12 total, 12 available
 Memory: 16085M
 Large Page Support: Disabled
 NUMA Support: Disabled
 Compressed Oops: Enabled (Zero based)
 Heap Region Size: 2M
 Heap Min Capacity: 8M
 Heap Initial Capacity: 252M
 Heap Max Capacity: 4022M
 Pre-touch: Disabled
 Parallel Workers: 10
 Concurrent Workers: 3
 Concurrent Refinement Workers: 10
 Periodic GC: Disabled

Heap:
 garbage-first heap   total 258048K, used 36970K [0x0000000704a00000, 0x0000000800000000)
  region size 2048K, 21 young (43008K), 2 survivors (4096K)
 Metaspace       used 12033K, committed 12288K, reserved 1114112K
  class space    used 1662K, committed 1792K, reserved 1048576K

Heap Regions: E=young(eden), S=young(survivor), O=old, HS=humongous(starts), HC=humongous(continues), CS=collection set, F=free, TAMS=top-at-mark-start, PB=parsable bottom
|   0|0x0000000704a00000, 0x0000000704a00000, 0x0000000704c00000|  0%| F|  |TAMS 0x0000000704a00000| PB 0x0000000704a00000| Untracked 
|   1|0x0000000704c00000, 0x0000000704c00000, 0x0000000704e00000|  0%| F|  |TAMS 0x0000000704c00000| PB 0x0000000704c00000| Untracked 
|   2|0x0000000704e00000, 0x0000000704e00000, 0x0000000705000000|  0%| F|  |TAMS 0x0000000704e00000| PB 0x0000000704e00000| Untracked 
|   3|0x0000000705000000, 0x0000000705000000, 0x0000000705200000|  0%| F|  |TAMS 0x0000000705000000| PB 0x0000000705000000| Untracked 
|   4|0x0000000705200000, 0x0000000705200000, 0x0000000705400000|  0%| F|  |TAMS 0x0000000705200000| PB 0x0000000705200000| Untracked 
|   5|0x0000000705400000, 0x0000000705400000, 0x0000000705600000|  0%| F|  |TAMS 0x0000000705400000| PB 0x0000000705400000| Untracked 
|   6|0x0000000705600000, 0x0000000705600000, 0x0000000705800000|  0%| F|  |TAMS 0x0000000705600000| PB 0x0000000705600000| Untracked 
|   7|0x0000000705800000, 0x0000000705800000, 0x0000000705a00000|  0%| F|  |TAMS 0x0000000705800000| PB 0x0000000705800000| Untracked 
|   8|0x0000000705a00000, 0x0000000705a00000, 0x0000000705c00000|  0%| F|  |TAMS 0x0000000705a00000| PB 0x0000000705a00000| Untracked 
|   9|0x0000000705c00000, 0x0000000705c00000, 0x0000000705e00000|  0%| F|  |TAMS 0x0000000705c00000| PB 0x0000000705c00000| Untracked 
|  10|0x0000000705e00000, 0x0000000705e00000, 0x0000000706000000|  0%| F|  |TAMS 0x0000000705e00000| PB 0x0000000705e00000| Untracked 
|  11|0x0000000706000000, 0x0000000706000000, 0x0000000706200000|  0%| F|  |TAMS 0x0000000706000000| PB 0x0000000706000000| Untracked 
|  12|0x0000000706200000, 0x0000000706200000, 0x0000000706400000|  0%| F|  |TAMS 0x0000000706200000| PB 0x0000000706200000| Untracked 
|  13|0x0000000706400000, 0x0000000706400000, 0x0000000706600000|  0%| F|  |TAMS 0x0000000706400000| PB 0x0000000706400000| Untracked 
|  14|0x0000000706600000, 0x0000000706600000, 0x0000000706800000|  0%| F|  |TAMS 0x0000000706600000| PB 0x0000000706600000| Untracked 
|  15|0x0000000706800000, 0x0000000706800000, 0x0000000706a00000|  0%| F|  |TAMS 0x0000000706800000| PB 0x0000000706800000| Untracked 
|  16|0x0000000706a00000, 0x0000000706a00000, 0x0000000706c00000|  0%| F|  |TAMS 0x0000000706a00000| PB 0x0000000706a00000| Untracked 
|  17|0x0000000706c00000, 0x0000000706c00000, 0x0000000706e00000|  0%| F|  |TAMS 0x0000000706c00000| PB 0x0000000706c00000| Untracked 
|  18|0x0000000706e00000, 0x0000000706e00000, 0x0000000707000000|  0%| F|  |TAMS 0x0000000706e00000| PB 0x0000000706e00000| Untracked 
|  19|0x0000000707000000, 0x0000000707000000, 0x0000000707200000|  0%| F|  |TAMS 0x0000000707000000| PB 0x0000000707000000| Untracked 
|  20|0x0000000707200000, 0x0000000707200000, 0x0000000707400000|  0%| F|  |TAMS 0x0000000707200000| PB 0x0000000707200000| Untracked 
|  21|0x0000000707400000, 0x0000000707400000, 0x0000000707600000|  0%| F|  |TAMS 0x0000000707400000| PB 0x0000000707400000| Untracked 
|  22|0x0000000707600000, 0x0000000707600000, 0x0000000707800000|  0%| F|  |TAMS 0x0000000707600000| PB 0x0000000707600000| Untracked 
|  23|0x0000000707800000, 0x0000000707800000, 0x0000000707a00000|  0%| F|  |TAMS 0x0000000707800000| PB 0x0000000707800000| Untracked 
|  24|0x0000000707a00000, 0x0000000707a00000, 0x0000000707c00000|  0%| F|  |TAMS 0x0000000707a00000| PB 0x0000000707a00000| Untracked 
|  25|0x0000000707c00000, 0x0000000707c00000, 0x0000000707e00000|  0%| F|  |TAMS 0x0000000707c00000| PB 0x0000000707c00000| Untracked 
|  26|0x0000000707e00000, 0x0000000707e00000, 0x0000000708000000|  0%| F|  |TAMS 0x0000000707e00000| PB 0x0000000707e00000| Untracked 
|  27|0x0000000708000000, 0x0000000708000000, 0x0000000708200000|  0%| F|  |TAMS 0x0000000708000000| PB 0x0000000708000000| Untracked 
|  28|0x0000000708200000, 0x0000000708200000, 0x0000000708400000|  0%| F|  |TAMS 0x0000000708200000| PB 0x0000000708200000| Untracked 
|  29|0x0000000708400000, 0x0000000708400000, 0x0000000708600000|  0%| F|  |TAMS 0x0000000708400000| PB 0x0000000708400000| Untracked 
|  30|0x0000000708600000, 0x0000000708600000, 0x0000000708800000|  0%| F|  |TAMS 0x0000000708600000| PB 0x0000000708600000| Untracked 
|  31|0x0000000708800000, 0x0000000708800000, 0x0000000708a00000|  0%| F|  |TAMS 0x0000000708800000| PB 0x0000000708800000| Untracked 
|  32|0x0000000708a00000, 0x0000000708a00000, 0x0000000708c00000|  0%| F|  |TAMS 0x0000000708a00000| PB 0x0000000708a00000| Untracked 
|  33|0x0000000708c00000, 0x0000000708c00000, 0x0000000708e00000|  0%| F|  |TAMS 0x0000000708c00000| PB 0x0000000708c00000| Untracked 
|  34|0x0000000708e00000, 0x0000000708e00000, 0x0000000709000000|  0%| F|  |TAMS 0x0000000708e00000| PB 0x0000000708e00000| Untracked 
|  35|0x0000000709000000, 0x0000000709000000, 0x0000000709200000|  0%| F|  |TAMS 0x0000000709000000| PB 0x0000000709000000| Untracked 
|  36|0x0000000709200000, 0x0000000709200000, 0x0000000709400000|  0%| F|  |TAMS 0x0000000709200000| PB 0x0000000709200000| Untracked 
|  37|0x0000000709400000, 0x0000000709400000, 0x0000000709600000|  0%| F|  |TAMS 0x0000000709400000| PB 0x0000000709400000| Untracked 
|  38|0x0000000709600000, 0x0000000709600000, 0x0000000709800000|  0%| F|  |TAMS 0x0000000709600000| PB 0x0000000709600000| Untracked 
|  39|0x0000000709800000, 0x0000000709800000, 0x0000000709a00000|  0%| F|  |TAMS 0x0000000709800000| PB 0x0000000709800000| Untracked 
|  40|0x0000000709a00000, 0x0000000709a00000, 0x0000000709c00000|  0%| F|  |TAMS 0x0000000709a00000| PB 0x0000000709a00000| Untracked 
|  41|0x0000000709c00000, 0x0000000709c00000, 0x0000000709e00000|  0%| F|  |TAMS 0x0000000709c00000| PB 0x0000000709c00000| Untracked 
|  42|0x0000000709e00000, 0x0000000709e00000, 0x000000070a000000|  0%| F|  |TAMS 0x0000000709e00000| PB 0x0000000709e00000| Untracked 
|  43|0x000000070a000000, 0x000000070a000000, 0x000000070a200000|  0%| F|  |TAMS 0x000000070a000000| PB 0x000000070a000000| Untracked 
|  44|0x000000070a200000, 0x000000070a200000, 0x000000070a400000|  0%| F|  |TAMS 0x000000070a200000| PB 0x000000070a200000| Untracked 
|  45|0x000000070a400000, 0x000000070a400000, 0x000000070a600000|  0%| F|  |TAMS 0x000000070a400000| PB 0x000000070a400000| Untracked 
|  46|0x000000070a600000, 0x000000070a600000, 0x000000070a800000|  0%| F|  |TAMS 0x000000070a600000| PB 0x000000070a600000| Untracked 
|  47|0x000000070a800000, 0x000000070a800000, 0x000000070aa00000|  0%| F|  |TAMS 0x000000070a800000| PB 0x000000070a800000| Untracked 
|  48|0x000000070aa00000, 0x000000070aa00000, 0x000000070ac00000|  0%| F|  |TAMS 0x000000070aa00000| PB 0x000000070aa00000| Untracked 
|  49|0x000000070ac00000, 0x000000070ac00000, 0x000000070ae00000|  0%| F|  |TAMS 0x000000070ac00000| PB 0x000000070ac00000| Untracked 
|  50|0x000000070ae00000, 0x000000070ae00000, 0x000000070b000000|  0%| F|  |TAMS 0x000000070ae00000| PB 0x000000070ae00000| Untracked 
|  51|0x000000070b000000, 0x000000070b000000, 0x000000070b200000|  0%| F|  |TAMS 0x000000070b000000| PB 0x000000070b000000| Untracked 
|  52|0x000000070b200000, 0x000000070b200000, 0x000000070b400000|  0%| F|  |TAMS 0x000000070b200000| PB 0x000000070b200000| Untracked 
|  53|0x000000070b400000, 0x000000070b400000, 0x000000070b600000|  0%| F|  |TAMS 0x000000070b400000| PB 0x000000070b400000| Untracked 
|  54|0x000000070b600000, 0x000000070b600000, 0x000000070b800000|  0%| F|  |TAMS 0x000000070b600000| PB 0x000000070b600000| Untracked 
|  55|0x000000070b800000, 0x000000070b800000, 0x000000070ba00000|  0%| F|  |TAMS 0x000000070b800000| PB 0x000000070b800000| Untracked 
|  56|0x000000070ba00000, 0x000000070ba00000, 0x000000070bc00000|  0%| F|  |TAMS 0x000000070ba00000| PB 0x000000070ba00000| Untracked 
|  57|0x000000070bc00000, 0x000000070bc00000, 0x000000070be00000|  0%| F|  |TAMS 0x000000070bc00000| PB 0x000000070bc00000| Untracked 
|  58|0x000000070be00000, 0x000000070be00000, 0x000000070c000000|  0%| F|  |TAMS 0x000000070be00000| PB 0x000000070be00000| Untracked 
|  59|0x000000070c000000, 0x000000070c000000, 0x000000070c200000|  0%| F|  |TAMS 0x000000070c000000| PB 0x000000070c000000| Untracked 
|  60|0x000000070c200000, 0x000000070c200000, 0x000000070c400000|  0%| F|  |TAMS 0x000000070c200000| PB 0x000000070c200000| Untracked 
|  61|0x000000070c400000, 0x000000070c400000, 0x000000070c600000|  0%| F|  |TAMS 0x000000070c400000| PB 0x000000070c400000| Untracked 
|  62|0x000000070c600000, 0x000000070c600000, 0x000000070c800000|  0%| F|  |TAMS 0x000000070c600000| PB 0x000000070c600000| Untracked 
|  63|0x000000070c800000, 0x000000070c800000, 0x000000070ca00000|  0%| F|  |TAMS 0x000000070c800000| PB 0x000000070c800000| Untracked 
|  64|0x000000070ca00000, 0x000000070ca00000, 0x000000070cc00000|  0%| F|  |TAMS 0x000000070ca00000| PB 0x000000070ca00000| Untracked 
|  65|0x000000070cc00000, 0x000000070cc00000, 0x000000070ce00000|  0%| F|  |TAMS 0x000000070cc00000| PB 0x000000070cc00000| Untracked 
|  66|0x000000070ce00000, 0x000000070ce00000, 0x000000070d000000|  0%| F|  |TAMS 0x000000070ce00000| PB 0x000000070ce00000| Untracked 
|  67|0x000000070d000000, 0x000000070d000000, 0x000000070d200000|  0%| F|  |TAMS 0x000000070d000000| PB 0x000000070d000000| Untracked 
|  68|0x000000070d200000, 0x000000070d200000, 0x000000070d400000|  0%| F|  |TAMS 0x000000070d200000| PB 0x000000070d200000| Untracked 
|  69|0x000000070d400000, 0x000000070d400000, 0x000000070d600000|  0%| F|  |TAMS 0x000000070d400000| PB 0x000000070d400000| Untracked 
|  70|0x000000070d600000, 0x000000070d600000, 0x000000070d800000|  0%| F|  |TAMS 0x000000070d600000| PB 0x000000070d600000| Untracked 
|  71|0x000000070d800000, 0x000000070d800000, 0x000000070da00000|  0%| F|  |TAMS 0x000000070d800000| PB 0x000000070d800000| Untracked 
|  72|0x000000070da00000, 0x000000070da00000, 0x000000070dc00000|  0%| F|  |TAMS 0x000000070da00000| PB 0x000000070da00000| Untracked 
|  73|0x000000070dc00000, 0x000000070dc00000, 0x000000070de00000|  0%| F|  |TAMS 0x000000070dc00000| PB 0x000000070dc00000| Untracked 
|  74|0x000000070de00000, 0x000000070de00000, 0x000000070e000000|  0%| F|  |TAMS 0x000000070de00000| PB 0x000000070de00000| Untracked 
|  75|0x000000070e000000, 0x000000070e000000, 0x000000070e200000|  0%| F|  |TAMS 0x000000070e000000| PB 0x000000070e000000| Untracked 
|  76|0x000000070e200000, 0x000000070e200000, 0x000000070e400000|  0%| F|  |TAMS 0x000000070e200000| PB 0x000000070e200000| Untracked 
|  77|0x000000070e400000, 0x000000070e400000, 0x000000070e600000|  0%| F|  |TAMS 0x000000070e400000| PB 0x000000070e400000| Untracked 
|  78|0x000000070e600000, 0x000000070e600000, 0x000000070e800000|  0%| F|  |TAMS 0x000000070e600000| PB 0x000000070e600000| Untracked 
|  79|0x000000070e800000, 0x000000070e800000, 0x000000070ea00000|  0%| F|  |TAMS 0x000000070e800000| PB 0x000000070e800000| Untracked 
|  80|0x000000070ea00000, 0x000000070ea00000, 0x000000070ec00000|  0%| F|  |TAMS 0x000000070ea00000| PB 0x000000070ea00000| Untracked 
|  81|0x000000070ec00000, 0x000000070ec00000, 0x000000070ee00000|  0%| F|  |TAMS 0x000000070ec00000| PB 0x000000070ec00000| Untracked 
|  82|0x000000070ee00000, 0x000000070ee00000, 0x000000070f000000|  0%| F|  |TAMS 0x000000070ee00000| PB 0x000000070ee00000| Untracked 
|  83|0x000000070f000000, 0x000000070f000000, 0x000000070f200000|  0%| F|  |TAMS 0x000000070f000000| PB 0x000000070f000000| Untracked 
|  84|0x000000070f200000, 0x000000070f200000, 0x000000070f400000|  0%| F|  |TAMS 0x000000070f200000| PB 0x000000070f200000| Untracked 
|  85|0x000000070f400000, 0x000000070f400000, 0x000000070f600000|  0%| F|  |TAMS 0x000000070f400000| PB 0x000000070f400000| Untracked 
|  86|0x000000070f600000, 0x000000070f600000, 0x000000070f800000|  0%| F|  |TAMS 0x000000070f600000| PB 0x000000070f600000| Untracked 
|  87|0x000000070f800000, 0x000000070f800000, 0x000000070fa00000|  0%| F|  |TAMS 0x000000070f800000| PB 0x000000070f800000| Untracked 
|  88|0x000000070fa00000, 0x000000070fa00000, 0x000000070fc00000|  0%| F|  |TAMS 0x000000070fa00000| PB 0x000000070fa00000| Untracked 
|  89|0x000000070fc00000, 0x000000070fc00000, 0x000000070fe00000|  0%| F|  |TAMS 0x000000070fc00000| PB 0x000000070fc00000| Untracked 
|  90|0x000000070fe00000, 0x000000070fe00000, 0x0000000710000000|  0%| F|  |TAMS 0x000000070fe00000| PB 0x000000070fe00000| Untracked 
|  91|0x0000000710000000, 0x0000000710000000, 0x0000000710200000|  0%| F|  |TAMS 0x0000000710000000| PB 0x0000000710000000| Untracked 
|  92|0x0000000710200000, 0x0000000710200000, 0x0000000710400000|  0%| F|  |TAMS 0x0000000710200000| PB 0x0000000710200000| Untracked 
|  93|0x0000000710400000, 0x0000000710400000, 0x0000000710600000|  0%| F|  |TAMS 0x0000000710400000| PB 0x0000000710400000| Untracked 
|  94|0x0000000710600000, 0x0000000710600000, 0x0000000710800000|  0%| F|  |TAMS 0x0000000710600000| PB 0x0000000710600000| Untracked 
|  95|0x0000000710800000, 0x0000000710800000, 0x0000000710a00000|  0%| F|  |TAMS 0x0000000710800000| PB 0x0000000710800000| Untracked 
|  96|0x0000000710a00000, 0x0000000710a00000, 0x0000000710c00000|  0%| F|  |TAMS 0x0000000710a00000| PB 0x0000000710a00000| Untracked 
|  97|0x0000000710c00000, 0x0000000710c00000, 0x0000000710e00000|  0%| F|  |TAMS 0x0000000710c00000| PB 0x0000000710c00000| Untracked 
|  98|0x0000000710e00000, 0x0000000710e00000, 0x0000000711000000|  0%| F|  |TAMS 0x0000000710e00000| PB 0x0000000710e00000| Untracked 
|  99|0x0000000711000000, 0x0000000711000000, 0x0000000711200000|  0%| F|  |TAMS 0x0000000711000000| PB 0x0000000711000000| Untracked 
| 100|0x0000000711200000, 0x0000000711200000, 0x0000000711400000|  0%| F|  |TAMS 0x0000000711200000| PB 0x0000000711200000| Untracked 
| 101|0x0000000711400000, 0x0000000711400000, 0x0000000711600000|  0%| F|  |TAMS 0x0000000711400000| PB 0x0000000711400000| Untracked 
| 102|0x0000000711600000, 0x0000000711600000, 0x0000000711800000|  0%| F|  |TAMS 0x0000000711600000| PB 0x0000000711600000| Untracked 
| 103|0x0000000711800000, 0x0000000711800000, 0x0000000711a00000|  0%| F|  |TAMS 0x0000000711800000| PB 0x0000000711800000| Untracked 
| 104|0x0000000711a00000, 0x0000000711a00000, 0x0000000711c00000|  0%| F|  |TAMS 0x0000000711a00000| PB 0x0000000711a00000| Untracked 
| 105|0x0000000711c00000, 0x0000000711cab1b8, 0x0000000711e00000| 33%| E|  |TAMS 0x0000000711c00000| PB 0x0000000711c00000| Complete 
| 106|0x0000000711e00000, 0x0000000712000000, 0x0000000712000000|100%| E|CS|TAMS 0x0000000711e00000| PB 0x0000000711e00000| Complete 
| 107|0x0000000712000000, 0x0000000712200000, 0x0000000712200000|100%| E|CS|TAMS 0x0000000712000000| PB 0x0000000712000000| Complete 
| 108|0x0000000712200000, 0x0000000712400000, 0x0000000712400000|100%| E|  |TAMS 0x0000000712200000| PB 0x0000000712200000| Complete 
| 109|0x0000000712400000, 0x0000000712600000, 0x0000000712600000|100%| E|CS|TAMS 0x0000000712400000| PB 0x0000000712400000| Complete 
| 110|0x0000000712600000, 0x0000000712800000, 0x0000000712800000|100%| E|CS|TAMS 0x0000000712600000| PB 0x0000000712600000| Complete 
| 111|0x0000000712800000, 0x0000000712a00000, 0x0000000712a00000|100%| E|CS|TAMS 0x0000000712800000| PB 0x0000000712800000| Complete 
| 112|0x0000000712a00000, 0x0000000712c00000, 0x0000000712c00000|100%| E|CS|TAMS 0x0000000712a00000| PB 0x0000000712a00000| Complete 
| 113|0x0000000712c00000, 0x0000000712c1aaa0, 0x0000000712e00000|  5%| S|CS|TAMS 0x0000000712c00000| PB 0x0000000712c00000| Complete 
| 114|0x0000000712e00000, 0x0000000713000000, 0x0000000713000000|100%| S|CS|TAMS 0x0000000712e00000| PB 0x0000000712e00000| Complete 
| 115|0x0000000713000000, 0x0000000713200000, 0x0000000713200000|100%| E|CS|TAMS 0x0000000713000000| PB 0x0000000713000000| Complete 
| 116|0x0000000713200000, 0x0000000713400000, 0x0000000713400000|100%| E|CS|TAMS 0x0000000713200000| PB 0x0000000713200000| Complete 
| 117|0x0000000713400000, 0x0000000713600000, 0x0000000713600000|100%| E|CS|TAMS 0x0000000713400000| PB 0x0000000713400000| Complete 
| 118|0x0000000713600000, 0x0000000713800000, 0x0000000713800000|100%| E|CS|TAMS 0x0000000713600000| PB 0x0000000713600000| Complete 
| 119|0x0000000713800000, 0x0000000713a00000, 0x0000000713a00000|100%| E|CS|TAMS 0x0000000713800000| PB 0x0000000713800000| Complete 
| 120|0x0000000713a00000, 0x0000000713c00000, 0x0000000713c00000|100%| E|CS|TAMS 0x0000000713a00000| PB 0x0000000713a00000| Complete 
| 121|0x0000000713c00000, 0x0000000713e00000, 0x0000000713e00000|100%| E|CS|TAMS 0x0000000713c00000| PB 0x0000000713c00000| Complete 
| 122|0x0000000713e00000, 0x0000000714000000, 0x0000000714000000|100%| E|CS|TAMS 0x0000000713e00000| PB 0x0000000713e00000| Complete 
| 123|0x0000000714000000, 0x0000000714200000, 0x0000000714200000|100%| E|CS|TAMS 0x0000000714000000| PB 0x0000000714000000| Complete 
| 124|0x0000000714200000, 0x0000000714400000, 0x0000000714400000|100%| E|CS|TAMS 0x0000000714200000| PB 0x0000000714200000| Complete 
| 125|0x0000000714400000, 0x0000000714600000, 0x0000000714600000|100%| E|CS|TAMS 0x0000000714400000| PB 0x0000000714400000| Complete 

Card table byte_map: [0x00000252c2f30000,0x00000252c3710000] _byte_map_base: 0x00000252bf70b000

Marking Bits: (CMBitMap*) 0x00000252a8eef760
 Bits: [0x00000252c3710000, 0x00000252c75e8000)

Polling page: 0x00000252a8f50000

Metaspace:

Usage:
  Non-class:     10.15 MB used.
      Class:      1.63 MB used.
       Both:     11.78 MB used.

Virtual space:
  Non-class space:       64.00 MB reserved,      10.31 MB ( 16%) committed,  1 nodes.
      Class space:        1.00 GB reserved,       1.75 MB ( <1%) committed,  1 nodes.
             Both:        1.06 GB reserved,      12.06 MB (  1%) committed. 

Chunk freelists:
   Non-Class:  5.47 MB
       Class:  14.16 MB
        Both:  19.63 MB

MaxMetaspaceSize: unlimited
CompressedClassSpaceSize: 1.00 GB
Initial GC threshold: 21.00 MB
Current GC threshold: 21.00 MB
CDS: on
 - commit_granule_bytes: 65536.
 - commit_granule_words: 8192.
 - virtual_space_node_default_size: 8388608.
 - enlarge_chunks_in_place: 1.
 - use_allocation_guard: 0.


Internal statistics:

num_allocs_failed_limit: 0.
num_arena_births: 310.
num_arena_deaths: 0.
num_vsnodes_births: 2.
num_vsnodes_deaths: 0.
num_space_committed: 193.
num_space_uncommitted: 0.
num_chunks_returned_to_freelist: 0.
num_chunks_taken_from_freelist: 669.
num_chunk_merges: 0.
num_chunk_splits: 451.
num_chunks_enlarged: 333.
num_inconsistent_stats: 0.

CodeHeap 'non-profiled nmethods': size=120000Kb used=755Kb max_used=755Kb free=119244Kb
 bounds [0x00000252ba590000, 0x00000252ba800000, 0x00000252c1ac0000]
CodeHeap 'profiled nmethods': size=120000Kb used=3559Kb max_used=3559Kb free=116440Kb
 bounds [0x00000252b2ac0000, 0x00000252b2e40000, 0x00000252b9ff0000]
CodeHeap 'non-nmethods': size=5760Kb used=1942Kb max_used=1942Kb free=3817Kb
 bounds [0x00000252b9ff0000, 0x00000252ba260000, 0x00000252ba590000]
 total_blobs=2548 nmethods=1837 adapters=614
 compilation: enabled
              stopped_count=0, restarted_count=0
 full_count=0

Compilation events (20 events):
Event: 1.642 Thread 0x00000252c9ba1c50 nmethod 1823 0x00000252b2e29590 code [0x00000252b2e29740, 0x00000252b2e29928]
Event: 1.642 Thread 0x00000252c9ba1c50 1824       3       javafx.css.CompoundSelector::applies (138 bytes)
Event: 1.643 Thread 0x00000252c9ba1c50 nmethod 1824 0x00000252b2e29a10 code [0x00000252b2e29c20, 0x00000252b2e2a460]
Event: 1.643 Thread 0x00000252c9ba1c50 1826       3       com.sun.javafx.css.BitSet::addAll (340 bytes)
Event: 1.644 Thread 0x00000252c9ba1c50 nmethod 1826 0x00000252b2e2a790 code [0x00000252b2e2aa00, 0x00000252b2e2b818]
Event: 1.644 Thread 0x00000252c9ba1c50 1828       3       javafx.beans.property.ObjectPropertyBase::set (76 bytes)
Event: 1.645 Thread 0x00000252c9ba1c50 nmethod 1828 0x00000252b2e2bd90 code [0x00000252b2e2c020, 0x00000252b2e2cb40]
Event: 1.645 Thread 0x00000252c9ba1c50 1827       1       javafx.scene.Node::setCanReceiveFocus (6 bytes)
Event: 1.645 Thread 0x000002531568d6f0 nmethod 1822 0x00000252ba64b010 code [0x00000252ba64b1c0, 0x00000252ba64b490]
Event: 1.645 Thread 0x000002531568d6f0 1825       4       com.sun.javafx.css.StyleClassSet::containsAll (6 bytes)
Event: 1.645 Thread 0x00000252c9ba1c50 nmethod 1827 0x00000252ba64b690 code [0x00000252ba64b820, 0x00000252ba64b8f0]
Event: 1.645 Thread 0x00000252c9ba1c50 1829       1       javafx.scene.layout.Region::getUserAgentStylesheet (2 bytes)
Event: 1.645 Thread 0x00000252c9ba1c50 nmethod 1829 0x00000252ba64b990 code [0x00000252ba64bb20, 0x00000252ba64bbf0]
Event: 1.645 Thread 0x00000252c9ba1c50 1830       3       java.util.Collections::emptyList (4 bytes)
Event: 1.645 Thread 0x00000252c9ba1c50 nmethod 1830 0x00000252b2e2ce10 code [0x00000252b2e2cfa0, 0x00000252b2e2d098]
Event: 1.646 Thread 0x00000252c9ba1080 nmethod 1821 0x00000252ba64bc90 code [0x00000252ba64be40, 0x00000252ba64c2c8]
Event: 1.647 Thread 0x000002531568d6f0 nmethod 1825 0x00000252ba64c490 code [0x00000252ba64c640, 0x00000252ba64c8f0]
Event: 1.653 Thread 0x00000252c9ba1c50 1832       3       java.lang.invoke.MethodHandleImpl::computeValueConversions (121 bytes)
Event: 1.654 Thread 0x00000252c9ba1c50 nmethod 1832 0x00000252b2e2d110 code [0x00000252b2e2d320, 0x00000252b2e2db70]
Event: 1.654 Thread 0x00000252c9ba1c50 1831       3       java.lang.invoke.MethodHandleImpl::makePairwiseConvertByEditor (617 bytes)

GC Heap History (2 events):
Event: 0.960 GC heap before
{Heap before GC invocations=0 (full 0):
 garbage-first heap   total 258048K, used 22528K [0x0000000704a00000, 0x0000000800000000)
  region size 2048K, 11 young (22528K), 0 survivors (0K)
 Metaspace       used 3433K, committed 3648K, reserved 1114112K
  class space    used 356K, committed 448K, reserved 1048576K
}
Event: 0.971 GC heap after
{Heap after GC invocations=1 (full 0):
 garbage-first heap   total 258048K, used 2154K [0x0000000704a00000, 0x0000000800000000)
  region size 2048K, 2 young (4096K), 2 survivors (4096K)
 Metaspace       used 3433K, committed 3648K, reserved 1114112K
  class space    used 356K, committed 448K, reserved 1048576K
}

Dll operation events (20 events):
Event: 0.693 Loaded shared library C:\Users\snamo\.openjfx\cache\20+19\amd64\api-ms-win-crt-locale-l1-1-0.dll
Event: 0.696 Loaded shared library C:\Users\snamo\.openjfx\cache\20+19\amd64\api-ms-win-crt-math-l1-1-0.dll
Event: 0.701 Loaded shared library C:\Users\snamo\.openjfx\cache\20+19\amd64\api-ms-win-crt-multibyte-l1-1-0.dll
Event: 0.705 Loaded shared library C:\Users\snamo\.openjfx\cache\20+19\amd64\api-ms-win-crt-private-l1-1-0.dll
Event: 0.708 Loaded shared library C:\Users\snamo\.openjfx\cache\20+19\amd64\api-ms-win-crt-process-l1-1-0.dll
Event: 0.710 Loaded shared library C:\Users\snamo\.openjfx\cache\20+19\amd64\api-ms-win-crt-runtime-l1-1-0.dll
Event: 0.713 Loaded shared library C:\Users\snamo\.openjfx\cache\20+19\amd64\api-ms-win-crt-stdio-l1-1-0.dll
Event: 0.717 Loaded shared library C:\Users\snamo\.openjfx\cache\20+19\amd64\api-ms-win-crt-string-l1-1-0.dll
Event: 0.719 Loaded shared library C:\Users\snamo\.openjfx\cache\20+19\amd64\api-ms-win-crt-time-l1-1-0.dll
Event: 0.722 Loaded shared library C:\Users\snamo\.openjfx\cache\20+19\amd64\api-ms-win-crt-utility-l1-1-0.dll
Event: 0.734 Loaded shared library C:\Users\snamo\.openjfx\cache\20+19\amd64\ucrtbase.dll
Event: 0.739 Loaded shared library C:\Users\snamo\.openjfx\cache\20+19\amd64\vcruntime140.dll
Event: 0.742 Loaded shared library C:\Users\snamo\.openjfx\cache\20+19\amd64\vcruntime140_1.dll
Event: 0.750 Loaded shared library C:\Users\snamo\.openjfx\cache\20+19\amd64\msvcp140.dll
Event: 0.753 Loaded shared library C:\Users\snamo\.openjfx\cache\20+19\amd64\msvcp140_1.dll
Event: 0.757 Loaded shared library C:\Users\snamo\.openjfx\cache\20+19\amd64\msvcp140_2.dll
Event: 0.803 Loaded shared library C:\Users\snamo\.openjfx\cache\20+19\amd64\prism_d3d.dll
Event: 0.849 Loaded shared library C:\Users\snamo\.openjfx\cache\20+19\amd64\glass.dll
Event: 1.078 Loaded shared library C:\Program Files\Java\jdk-21\bin\jimage.dll
Event: 1.333 Loaded shared library C:\Users\snamo\.openjfx\cache\20+19\amd64\javafx_font.dll

Deoptimization events (20 events):
Event: 1.625 Thread 0x0000025310712ee0 Uncommon trap: trap_request=0xffffffde fr.pc=0x00000252ba646fd4 relative=0x0000000000000594
Event: 1.625 Thread 0x0000025310712ee0 Uncommon trap: reason=class_check action=maybe_recompile pc=0x00000252ba646fd4 method=javafx.css.CssLexer.readChar()I @ 4 c2
Event: 1.625 Thread 0x0000025310712ee0 DEOPT PACKING pc=0x00000252ba646fd4 sp=0x000000fbcc6fd0e0
Event: 1.625 Thread 0x0000025310712ee0 DEOPT UNPACKING pc=0x00000252ba047da2 sp=0x000000fbcc6fd0e0 mode 2
Event: 1.652 Thread 0x0000025310712ee0 DEOPT PACKING pc=0x00000252b2c34d01 sp=0x000000fbcc6fbf60
Event: 1.652 Thread 0x0000025310712ee0 DEOPT UNPACKING pc=0x00000252ba0488e2 sp=0x000000fbcc6fb3b8 mode 1
Event: 1.652 Thread 0x0000025310712ee0 DEOPT PACKING pc=0x00000252b2c34664 sp=0x000000fbcc6fbff0
Event: 1.652 Thread 0x0000025310712ee0 DEOPT UNPACKING pc=0x00000252ba0488e2 sp=0x000000fbcc6fb498 mode 1
Event: 1.652 Thread 0x0000025310712ee0 DEOPT PACKING pc=0x00000252b2c34d01 sp=0x000000fbcc6fc1e0
Event: 1.652 Thread 0x0000025310712ee0 DEOPT UNPACKING pc=0x00000252ba0488e2 sp=0x000000fbcc6fb638 mode 1
Event: 1.652 Thread 0x0000025310712ee0 DEOPT PACKING pc=0x00000252b2c34664 sp=0x000000fbcc6fc270
Event: 1.652 Thread 0x0000025310712ee0 DEOPT UNPACKING pc=0x00000252ba0488e2 sp=0x000000fbcc6fb718 mode 1
Event: 1.652 Thread 0x0000025310712ee0 DEOPT PACKING pc=0x00000252b2c34d01 sp=0x000000fbcc6fc2b0
Event: 1.652 Thread 0x0000025310712ee0 DEOPT UNPACKING pc=0x00000252ba0488e2 sp=0x000000fbcc6fb708 mode 1
Event: 1.652 Thread 0x0000025310712ee0 DEOPT PACKING pc=0x00000252b2c34664 sp=0x000000fbcc6fc340
Event: 1.652 Thread 0x0000025310712ee0 DEOPT UNPACKING pc=0x00000252ba0488e2 sp=0x000000fbcc6fb7e8 mode 1
Event: 1.653 Thread 0x0000025310712ee0 DEOPT PACKING pc=0x00000252b2c34d01 sp=0x000000fbcc6fc370
Event: 1.653 Thread 0x0000025310712ee0 DEOPT UNPACKING pc=0x00000252ba0488e2 sp=0x000000fbcc6fb7c8 mode 1
Event: 1.653 Thread 0x0000025310712ee0 DEOPT PACKING pc=0x00000252b2c34664 sp=0x000000fbcc6fc400
Event: 1.653 Thread 0x0000025310712ee0 DEOPT UNPACKING pc=0x00000252ba0488e2 sp=0x000000fbcc6fb8a8 mode 1

Classes loaded (20 events):
Event: 1.431 Loading class java/lang/invoke/MethodHandle$1
Event: 1.432 Loading class java/lang/invoke/MethodHandle$1 done
Event: 1.493 Loading class java/lang/Byte$ByteCache
Event: 1.493 Loading class java/lang/Byte$ByteCache done
Event: 1.493 Loading class java/lang/Short$ShortCache
Event: 1.493 Loading class java/lang/Short$ShortCache done
Event: 1.511 Loading class com/sun/org/apache/xerces/internal/impl/io/MalformedByteSequenceException
Event: 1.511 Loading class java/io/CharConversionException
Event: 1.511 Loading class java/io/CharConversionException done
Event: 1.511 Loading class com/sun/org/apache/xerces/internal/impl/io/MalformedByteSequenceException done
Event: 1.569 Loading class java/lang/invoke/DirectMethodHandle$Special
Event: 1.569 Loading class java/lang/invoke/DirectMethodHandle$Special done
Event: 1.572 Loading class java/io/CharArrayReader
Event: 1.572 Loading class java/io/CharArrayReader done
Event: 1.647 Loading class java/util/WeakHashMap$EntrySet
Event: 1.647 Loading class java/util/WeakHashMap$EntrySet done
Event: 1.647 Loading class java/util/WeakHashMap$EntryIterator
Event: 1.647 Loading class java/util/WeakHashMap$EntryIterator done
Event: 1.647 Loading class java/util/ConcurrentModificationException
Event: 1.647 Loading class java/util/ConcurrentModificationException done

Classes unloaded (0 events):
No events

Classes redefined (0 events):
No events

Internal exceptions (20 events):
Event: 1.400 Thread 0x0000025310712ee0 Exception <a 'java/lang/NoSuchMethodError'{0x0000000712b852d0}: 'void java.lang.invoke.DirectMethodHandle$Holder.invokeSpecial(java.lang.Object, java.lang.Object, double)'> (0x0000000712b852d0) 
thrown [s\open\src\hotspot\share\interpreter\linkResolver.cpp, line 773]
Event: 1.401 Thread 0x0000025310712ee0 Exception <a 'java/lang/NoSuchMethodError'{0x0000000712b8feb8}: 'double java.lang.invoke.DelegatingMethodHandle$Holder.reinvoke_L(java.lang.Object, java.lang.Object, int)'> (0x0000000712b8feb8) 
thrown [s\open\src\hotspot\share\interpreter\linkResolver.cpp, line 773]
Event: 1.403 Thread 0x0000025310712ee0 Exception <a 'java/lang/NoSuchMethodError'{0x0000000712ba1cc8}: 'java.lang.Object java.lang.invoke.DirectMethodHandle$Holder.invokeStatic(java.lang.Object, java.lang.Object, java.lang.Object, java.lang.Object, int)'> (0x0000000712ba1cc8) 
thrown [s\open\src\hotspot\share\interpreter\linkResolver.cpp, line 773]
Event: 1.403 Thread 0x0000025310712ee0 Exception <a 'java/lang/NoSuchMethodError'{0x0000000712bacdf8}: 'void java.lang.invoke.DelegatingMethodHandle$Holder.reinvoke_L(java.lang.Object, java.lang.Object, double)'> (0x0000000712bacdf8) 
thrown [s\open\src\hotspot\share\interpreter\linkResolver.cpp, line 773]
Event: 1.438 Thread 0x0000025310712ee0 Exception <a 'java/lang/NoSuchMethodError'{0x00000007129ab0c8}: 'void java.lang.invoke.DirectMethodHandle$Holder.invokeSpecial(java.lang.Object, java.lang.Object, int)'> (0x00000007129ab0c8) 
thrown [s\open\src\hotspot\share\interpreter\linkResolver.cpp, line 773]
Event: 1.438 Thread 0x0000025310712ee0 Exception <a 'java/lang/NoSuchMethodError'{0x00000007129aee48}: 'int java.lang.invoke.DirectMethodHandle$Holder.invokeSpecial(java.lang.Object, java.lang.Object, java.lang.Object, int)'> (0x00000007129aee48) 
thrown [s\open\src\hotspot\share\interpreter\linkResolver.cpp, line 773]
Event: 1.439 Thread 0x0000025310712ee0 Exception <a 'java/lang/NoSuchMethodError'{0x00000007129b9288}: 'void java.lang.invoke.DelegatingMethodHandle$Holder.reinvoke_L(java.lang.Object, java.lang.Object, int)'> (0x00000007129b9288) 
thrown [s\open\src\hotspot\share\interpreter\linkResolver.cpp, line 773]
Event: 1.439 Thread 0x0000025310712ee0 Exception <a 'java/lang/NoSuchMethodError'{0x00000007129bff68}: 'int java.lang.invoke.DirectMethodHandle$Holder.invokeSpecial(java.lang.Object, java.lang.Object, java.lang.Object)'> (0x00000007129bff68) 
thrown [s\open\src\hotspot\share\interpreter\linkResolver.cpp, line 773]
Event: 1.497 Thread 0x0000025310712ee0 Exception <a 'java/lang/NoSuchMethodError'{0x0000000712771a30}: 'java.lang.Object java.lang.invoke.DelegatingMethodHandle$Holder.reinvoke_L(java.lang.Object, double, double, double, double)'> (0x0000000712771a30) 
thrown [s\open\src\hotspot\share\interpreter\linkResolver.cpp, line 773]
Event: 1.498 Thread 0x0000025310712ee0 Exception <a 'java/lang/NoSuchMethodError'{0x000000071277c740}: 'java.lang.Object java.lang.invoke.DirectMethodHandle$Holder.invokeStatic(java.lang.Object, java.lang.Object, int)'> (0x000000071277c740) 
thrown [s\open\src\hotspot\share\interpreter\linkResolver.cpp, line 773]
Event: 1.498 Thread 0x0000025310712ee0 Exception <a 'java/lang/NoSuchMethodError'{0x0000000712780b48}: 'void java.lang.invoke.DirectMethodHandle$Holder.invokeStatic(java.lang.Object, java.lang.Object, int, java.lang.Object)'> (0x0000000712780b48) 
thrown [s\open\src\hotspot\share\interpreter\linkResolver.cpp, line 773]
Event: 1.499 Thread 0x0000025310712ee0 Exception <a 'java/lang/NoSuchMethodError'{0x00000007127875b8}: 'void java.lang.invoke.DelegatingMethodHandle$Holder.delegate(java.lang.Object, java.lang.Object, int, java.lang.Object)'> (0x00000007127875b8) 
thrown [s\open\src\hotspot\share\interpreter\linkResolver.cpp, line 773]
Event: 1.549 Thread 0x0000025310712ee0 Implicit null exception at 0x00000252ba60b466 to 0x00000252ba60b50a
Event: 1.566 Thread 0x0000025310712ee0 Implicit null exception at 0x00000252ba61fd3c to 0x00000252ba6200d4
Event: 1.566 Thread 0x0000025310712ee0 Implicit null exception at 0x00000252ba6239bc to 0x00000252ba623d3c
Event: 1.567 Thread 0x0000025310712ee0 Implicit null exception at 0x00000252ba5c2ebd to 0x00000252ba5c2f45
Event: 1.570 Thread 0x0000025310712ee0 Exception <a 'java/io/FileNotFoundException'{0x00000007123ec250}> (0x00000007123ec250) 
thrown [s\open\src\hotspot\share\prims\jni.cpp, line 520]
Event: 1.627 Thread 0x0000025310712ee0 Exception <a 'java/lang/ClassNotFoundException'{0x0000000711e18978}: com/sun/javafx/scene/control/skin/resources/controls-nt> (0x0000000711e18978) 
thrown [s\open\src\hotspot\share\prims\jni.cpp, line 539]
Event: 1.627 Thread 0x0000025310712ee0 Exception <a 'java/lang/ClassNotFoundException'{0x0000000711e20d08}: com/sun/javafx/scene/control/skin/resources/controls-nt_fr> (0x0000000711e20d08) 
thrown [s\open\src\hotspot\share\prims\jni.cpp, line 539]
Event: 1.627 Thread 0x0000025310712ee0 Exception <a 'java/lang/ClassNotFoundException'{0x0000000711e21cb8}: com/sun/javafx/scene/control/skin/resources/controls-nt_fr_FR> (0x0000000711e21cb8) 
thrown [s\open\src\hotspot\share\prims\jni.cpp, line 539]

ZGC Phase Switch (0 events):
No events

VM Operations (20 events):
Event: 0.140 Executing VM operation: HandshakeAllThreads (Deoptimize)
Event: 0.140 Executing VM operation: HandshakeAllThreads (Deoptimize) done
Event: 0.203 Executing VM operation: HandshakeAllThreads (Deoptimize)
Event: 0.203 Executing VM operation: HandshakeAllThreads (Deoptimize) done
Event: 0.843 Executing VM operation: HandshakeAllThreads (Deoptimize)
Event: 0.843 Executing VM operation: HandshakeAllThreads (Deoptimize) done
Event: 0.960 Executing VM operation: G1CollectForAllocation (G1 Evacuation Pause)
Event: 0.971 Executing VM operation: G1CollectForAllocation (G1 Evacuation Pause) done
Event: 1.266 Executing VM operation: HandshakeAllThreads (Deoptimize)
Event: 1.266 Executing VM operation: HandshakeAllThreads (Deoptimize) done
Event: 1.337 Executing VM operation: HandshakeAllThreads (Deoptimize)
Event: 1.337 Executing VM operation: HandshakeAllThreads (Deoptimize) done
Event: 1.407 Executing VM operation: ICBufferFull
Event: 1.407 Executing VM operation: ICBufferFull done
Event: 1.497 Executing VM operation: HandshakeAllThreads (Deoptimize)
Event: 1.497 Executing VM operation: HandshakeAllThreads (Deoptimize) done
Event: 1.498 Executing VM operation: HandshakeAllThreads (Deoptimize)
Event: 1.498 Executing VM operation: HandshakeAllThreads (Deoptimize) done
Event: 1.540 Executing VM operation: HandshakeAllThreads (Deoptimize)
Event: 1.540 Executing VM operation: HandshakeAllThreads (Deoptimize) done

Events (20 events):
Event: 0.043 Thread 0x00000252c9ba1080 Thread added: 0x00000252c9ba1080
Event: 0.043 Thread 0x00000252c9ba1c50 Thread added: 0x00000252c9ba1c50
Event: 0.067 Thread 0x00000252ca598cc0 Thread added: 0x00000252ca598cc0
Event: 0.113 Thread 0x00000252ca679ba0 Thread added: 0x00000252ca679ba0
Event: 0.119 Thread 0x00000252ca7be440 Thread added: 0x00000252ca7be440
Event: 0.230 Thread 0x0000025310165b20 Thread added: 0x0000025310165b20
Event: 0.231 Thread 0x00000253102677e0 Thread added: 0x00000253102677e0
Event: 0.232 Thread 0x0000025310062e00 Thread added: 0x0000025310062e00
Event: 0.493 Thread 0x0000025310362bf0 Thread added: 0x0000025310362bf0
Event: 0.494 Thread 0x00000252ca7be440 Thread exited: 0x00000252ca7be440
Event: 0.494 Thread 0x00000252ca679ba0 Thread exited: 0x00000252ca679ba0
Event: 0.593 Thread 0x00000252ca670b50 Thread added: 0x00000252ca670b50
Event: 0.594 Thread 0x00000252ca670340 Thread added: 0x00000252ca670340
Event: 0.793 Thread 0x0000025310160f60 Thread added: 0x0000025310160f60
Event: 0.828 Thread 0x00000252ca670340 Thread exited: 0x00000252ca670340
Event: 0.851 Thread 0x00000253106c3860 Thread added: 0x00000253106c3860
Event: 0.856 Thread 0x0000025310712ee0 Thread added: 0x0000025310712ee0
Event: 1.014 Thread 0x0000025315180d70 Thread added: 0x0000025315180d70
Event: 1.016 Thread 0x0000025315184c20 Thread added: 0x0000025315184c20
Event: 1.604 Thread 0x000002531568d6f0 Thread added: 0x000002531568d6f0


Dynamic libraries:
0x00007ff6d45a0000 - 0x00007ff6d45b0000 	C:\Program Files\Java\jdk-21\bin\java.exe
0x00007ffe89b70000 - 0x00007ffe89d87000 	C:\WINDOWS\SYSTEM32\ntdll.dll
0x00007ffe88730000 - 0x00007ffe887f4000 	C:\WINDOWS\System32\KERNEL32.DLL
0x00007ffe873a0000 - 0x00007ffe87747000 	C:\WINDOWS\System32\KERNELBASE.dll
0x00007ffe87750000 - 0x00007ffe87861000 	C:\WINDOWS\System32\ucrtbase.dll
0x00007ffe5d600000 - 0x00007ffe5d619000 	C:\Program Files\Java\jdk-21\bin\jli.dll
0x00007ffe56ff0000 - 0x00007ffe5700b000 	C:\Program Files\Java\jdk-21\bin\VCRUNTIME140.dll
0x00007ffe87ce0000 - 0x00007ffe87d92000 	C:\WINDOWS\System32\ADVAPI32.dll
0x00007ffe88ec0000 - 0x00007ffe88f67000 	C:\WINDOWS\System32\msvcrt.dll
0x00007ffe88800000 - 0x00007ffe888a8000 	C:\WINDOWS\System32\sechost.dll
0x00007ffe86e60000 - 0x00007ffe86e88000 	C:\WINDOWS\System32\bcrypt.dll
0x00007ffe884a0000 - 0x00007ffe885b5000 	C:\WINDOWS\System32\RPCRT4.dll
0x00007ffe898b0000 - 0x00007ffe89a5e000 	C:\WINDOWS\System32\USER32.dll
0x00007ffe872d0000 - 0x00007ffe872f6000 	C:\WINDOWS\System32\win32u.dll
0x00007ffe61fd0000 - 0x00007ffe62263000 	C:\WINDOWS\WinSxS\amd64_microsoft.windows.common-controls_6595b64144ccf1df_6.0.22621.3527_none_270e469b73872a76\COMCTL32.dll
0x00007ffe87da0000 - 0x00007ffe87dc9000 	C:\WINDOWS\System32\GDI32.dll
0x00007ffe87000000 - 0x00007ffe87119000 	C:\WINDOWS\System32\gdi32full.dll
0x00007ffe87300000 - 0x00007ffe8739a000 	C:\WINDOWS\System32\msvcp_win.dll
0x00007ffe7cce0000 - 0x00007ffe7ccea000 	C:\WINDOWS\SYSTEM32\VERSION.dll
0x00007ffe87dd0000 - 0x00007ffe87e01000 	C:\WINDOWS\System32\IMM32.DLL
0x00007ffe73a50000 - 0x00007ffe73a5c000 	C:\Program Files\Java\jdk-21\bin\vcruntime140_1.dll
0x00007ffe32b80000 - 0x00007ffe32c0e000 	C:\Program Files\Java\jdk-21\bin\msvcp140.dll
0x00007ffde8630000 - 0x00007ffde9347000 	C:\Program Files\Java\jdk-21\bin\server\jvm.dll
0x00007ffe88f70000 - 0x00007ffe88fe1000 	C:\WINDOWS\System32\WS2_32.dll
0x00007ffe85ce0000 - 0x00007ffe85d2d000 	C:\WINDOWS\SYSTEM32\POWRPROF.dll
0x00007ffe7ca50000 - 0x00007ffe7ca84000 	C:\WINDOWS\SYSTEM32\WINMM.dll
0x00007ffe85cc0000 - 0x00007ffe85cd3000 	C:\WINDOWS\SYSTEM32\UMPDC.dll
0x00007ffe85f70000 - 0x00007ffe85f88000 	C:\WINDOWS\SYSTEM32\kernel.appcore.dll
0x00007ffe6dcd0000 - 0x00007ffe6dcda000 	C:\Program Files\Java\jdk-21\bin\jimage.dll
0x00007ffe84740000 - 0x00007ffe84973000 	C:\WINDOWS\SYSTEM32\DBGHELP.DLL
0x00007ffe88b30000 - 0x00007ffe88eb8000 	C:\WINDOWS\System32\combase.dll
0x00007ffe87a20000 - 0x00007ffe87af7000 	C:\WINDOWS\System32\OLEAUT32.dll
0x00007ffe69e50000 - 0x00007ffe69e82000 	C:\WINDOWS\SYSTEM32\dbgcore.DLL
0x00007ffe871e0000 - 0x00007ffe87259000 	C:\WINDOWS\System32\bcryptPrimitives.dll
0x00007ffe75c80000 - 0x00007ffe75cbc000 	C:\Program Files\Java\jdk-21\bin\jdwp.dll
0x00007ffe513b0000 - 0x00007ffe513cf000 	C:\Program Files\Java\jdk-21\bin\java.dll
0x00007ffe89050000 - 0x00007ffe898ac000 	C:\WINDOWS\System32\SHELL32.dll
0x00007ffe84da0000 - 0x00007ffe85696000 	C:\WINDOWS\SYSTEM32\windows.storage.dll
0x00007ffe84c60000 - 0x00007ffe84d9e000 	C:\WINDOWS\SYSTEM32\wintypes.dll
0x00007ffe88380000 - 0x00007ffe88475000 	C:\WINDOWS\System32\SHCORE.dll
0x00007ffe885d0000 - 0x00007ffe8862e000 	C:\WINDOWS\System32\shlwapi.dll
0x00007ffe86d90000 - 0x00007ffe86db1000 	C:\WINDOWS\SYSTEM32\profapi.dll
0x00007ffe2a640000 - 0x00007ffe2a717000 	C:\Program Files\Java\jdk-21\bin\jsvml.dll
0x00007ffe69d50000 - 0x00007ffe69d60000 	C:\Program Files\Java\jdk-21\bin\net.dll
0x00007ffe7d7a0000 - 0x00007ffe7d8d6000 	C:\WINDOWS\SYSTEM32\WINHTTP.dll
0x00007ffe863e0000 - 0x00007ffe86449000 	C:\WINDOWS\system32\mswsock.dll
0x00007ffe51260000 - 0x00007ffe51276000 	C:\Program Files\Java\jdk-21\bin\nio.dll
0x00007ffe50680000 - 0x00007ffe50698000 	C:\Program Files\Java\jdk-21\bin\zip.dll
0x00007ffe815d0000 - 0x00007ffe815dc000 	C:\Program Files\Java\jdk-21\bin\dt_socket.dll
0x00007ffe85940000 - 0x00007ffe8596d000 	C:\WINDOWS\SYSTEM32\IPHLPAPI.DLL
0x00007ffe85a30000 - 0x00007ffe85b29000 	C:\WINDOWS\SYSTEM32\DNSAPI.dll
0x00007ffe888b0000 - 0x00007ffe888b9000 	C:\WINDOWS\System32\NSI.dll
0x00007ffe78f00000 - 0x00007ffe78f0a000 	C:\Windows\System32\rasadhlp.dll
0x00007ffe7c420000 - 0x00007ffe7c4a3000 	C:\WINDOWS\System32\fwpuclnt.dll
0x00000252cabd0000 - 0x00000252cabd3000 	C:\Users\snamo\.openjfx\cache\20+19\amd64\api-ms-win-core-console-l1-1-0.dll
0x00000252cabe0000 - 0x00000252cabe3000 	C:\Users\snamo\.openjfx\cache\20+19\amd64\api-ms-win-core-console-l1-2-0.dll
0x00000252cabf0000 - 0x00000252cabf3000 	C:\Users\snamo\.openjfx\cache\20+19\amd64\api-ms-win-core-datetime-l1-1-0.dll
0x00000252cac00000 - 0x00000252cac03000 	C:\Users\snamo\.openjfx\cache\20+19\amd64\api-ms-win-core-debug-l1-1-0.dll
0x00000252cac10000 - 0x00000252cac13000 	C:\Users\snamo\.openjfx\cache\20+19\amd64\api-ms-win-core-errorhandling-l1-1-0.dll
0x00000252cac20000 - 0x00000252cac24000 	C:\Users\snamo\.openjfx\cache\20+19\amd64\api-ms-win-core-file-l1-1-0.dll
0x00000252cac30000 - 0x00000252cac33000 	C:\Users\snamo\.openjfx\cache\20+19\amd64\api-ms-win-core-file-l1-2-0.dll
0x00000252cac40000 - 0x00000252cac43000 	C:\Users\snamo\.openjfx\cache\20+19\amd64\api-ms-win-core-file-l2-1-0.dll
0x00000252cac50000 - 0x00000252cac53000 	C:\Users\snamo\.openjfx\cache\20+19\amd64\api-ms-win-core-handle-l1-1-0.dll
0x00000252cac60000 - 0x00000252cac63000 	C:\Users\snamo\.openjfx\cache\20+19\amd64\api-ms-win-core-heap-l1-1-0.dll
0x00000252cac70000 - 0x00000252cac73000 	C:\Users\snamo\.openjfx\cache\20+19\amd64\api-ms-win-core-interlocked-l1-1-0.dll
0x00000252cac80000 - 0x00000252cac83000 	C:\Users\snamo\.openjfx\cache\20+19\amd64\api-ms-win-core-libraryloader-l1-1-0.dll
0x00000252cac90000 - 0x00000252cac93000 	C:\Users\snamo\.openjfx\cache\20+19\amd64\api-ms-win-core-localization-l1-2-0.dll
0x00000252caca0000 - 0x00000252caca3000 	C:\Users\snamo\.openjfx\cache\20+19\amd64\api-ms-win-core-memory-l1-1-0.dll
0x00000252cacb0000 - 0x00000252cacb3000 	C:\Users\snamo\.openjfx\cache\20+19\amd64\api-ms-win-core-namedpipe-l1-1-0.dll
0x00000252cacc0000 - 0x00000252cacc3000 	C:\Users\snamo\.openjfx\cache\20+19\amd64\api-ms-win-core-processenvironment-l1-1-0.dll
0x00000252cacd0000 - 0x00000252cacd3000 	C:\Users\snamo\.openjfx\cache\20+19\amd64\api-ms-win-core-processthreads-l1-1-0.dll
0x00000252cace0000 - 0x00000252cace3000 	C:\Users\snamo\.openjfx\cache\20+19\amd64\api-ms-win-core-processthreads-l1-1-1.dll
0x00000252cacf0000 - 0x00000252cacf3000 	C:\Users\snamo\.openjfx\cache\20+19\amd64\api-ms-win-core-profile-l1-1-0.dll
0x00000252cad00000 - 0x00000252cad03000 	C:\Users\snamo\.openjfx\cache\20+19\amd64\api-ms-win-core-rtlsupport-l1-1-0.dll
0x00000252cad10000 - 0x00000252cad13000 	C:\Users\snamo\.openjfx\cache\20+19\amd64\api-ms-win-core-string-l1-1-0.dll
0x00000252cad20000 - 0x00000252cad23000 	C:\Users\snamo\.openjfx\cache\20+19\amd64\api-ms-win-core-synch-l1-1-0.dll
0x00000252cad30000 - 0x00000252cad33000 	C:\Users\snamo\.openjfx\cache\20+19\amd64\api-ms-win-core-synch-l1-2-0.dll
0x00000252cad40000 - 0x00000252cad43000 	C:\Users\snamo\.openjfx\cache\20+19\amd64\api-ms-win-core-sysinfo-l1-1-0.dll
0x00000252cad50000 - 0x00000252cad53000 	C:\Users\snamo\.openjfx\cache\20+19\amd64\api-ms-win-core-timezone-l1-1-0.dll
0x00000252cad60000 - 0x00000252cad63000 	C:\Users\snamo\.openjfx\cache\20+19\amd64\api-ms-win-core-util-l1-1-0.dll
0x00000252cad70000 - 0x00000252cad73000 	C:\Users\snamo\.openjfx\cache\20+19\amd64\api-ms-win-crt-conio-l1-1-0.dll
0x00000252cad80000 - 0x00000252cad84000 	C:\Users\snamo\.openjfx\cache\20+19\amd64\api-ms-win-crt-convert-l1-1-0.dll
0x00000252cad90000 - 0x00000252cad93000 	C:\Users\snamo\.openjfx\cache\20+19\amd64\api-ms-win-crt-environment-l1-1-0.dll
0x00000252cada0000 - 0x00000252cada3000 	C:\Users\snamo\.openjfx\cache\20+19\amd64\api-ms-win-crt-filesystem-l1-1-0.dll
0x00000252cadb0000 - 0x00000252cadb3000 	C:\Users\snamo\.openjfx\cache\20+19\amd64\api-ms-win-crt-heap-l1-1-0.dll
0x00000252cadc0000 - 0x00000252cadc3000 	C:\Users\snamo\.openjfx\cache\20+19\amd64\api-ms-win-crt-locale-l1-1-0.dll
0x00000252cadd0000 - 0x00000252cadd5000 	C:\Users\snamo\.openjfx\cache\20+19\amd64\api-ms-win-crt-math-l1-1-0.dll
0x00000252cade0000 - 0x00000252cade5000 	C:\Users\snamo\.openjfx\cache\20+19\amd64\api-ms-win-crt-multibyte-l1-1-0.dll
0x00000252cadf0000 - 0x00000252cae00000 	C:\Users\snamo\.openjfx\cache\20+19\amd64\api-ms-win-crt-private-l1-1-0.dll
0x00000252cae00000 - 0x00000252cae03000 	C:\Users\snamo\.openjfx\cache\20+19\amd64\api-ms-win-crt-process-l1-1-0.dll
0x00000252cae10000 - 0x00000252cae14000 	C:\Users\snamo\.openjfx\cache\20+19\amd64\api-ms-win-crt-runtime-l1-1-0.dll
0x00000252cae20000 - 0x00000252cae24000 	C:\Users\snamo\.openjfx\cache\20+19\amd64\api-ms-win-crt-stdio-l1-1-0.dll
0x00000252cae30000 - 0x00000252cae34000 	C:\Users\snamo\.openjfx\cache\20+19\amd64\api-ms-win-crt-string-l1-1-0.dll
0x00000252cae40000 - 0x00000252cae43000 	C:\Users\snamo\.openjfx\cache\20+19\amd64\api-ms-win-crt-time-l1-1-0.dll
0x00000252cae50000 - 0x00000252cae53000 	C:\Users\snamo\.openjfx\cache\20+19\amd64\api-ms-win-crt-utility-l1-1-0.dll
0x00007ffe468d0000 - 0x00007ffe469cc000 	C:\Users\snamo\.openjfx\cache\20+19\amd64\ucrtbase.dll
0x00007ffe7e140000 - 0x00007ffe7e15b000 	C:\Users\snamo\.openjfx\cache\20+19\amd64\vcruntime140.dll
0x00007ffe7d1c0000 - 0x00007ffe7d1cc000 	C:\Users\snamo\.openjfx\cache\20+19\amd64\vcruntime140_1.dll
0x00007ffe46b60000 - 0x00007ffe46bee000 	C:\Users\snamo\.openjfx\cache\20+19\amd64\msvcp140.dll
0x00007ffe7d1b0000 - 0x00007ffe7d1b9000 	C:\Users\snamo\.openjfx\cache\20+19\amd64\msvcp140_1.dll
0x00007ffe6f970000 - 0x00007ffe6f9a0000 	C:\Users\snamo\.openjfx\cache\20+19\amd64\msvcp140_2.dll
0x00007ffe4d150000 - 0x00007ffe4d17f000 	C:\Users\snamo\.openjfx\cache\20+19\amd64\prism_d3d.dll
0x00007ffe6d790000 - 0x00007ffe6d939000 	C:\WINDOWS\system32\d3d9.dll
0x00007ffe84250000 - 0x00007ffe8427b000 	C:\WINDOWS\SYSTEM32\dwmapi.dll
0x00007ffe840f0000 - 0x00007ffe84129000 	C:\WINDOWS\SYSTEM32\dxcore.dll
0x00007ffe83de0000 - 0x00007ffe83e8b000 	C:\WINDOWS\system32\uxtheme.dll
0x00007ffe5d630000 - 0x00007ffe5d893000 	C:\WINDOWS\System32\DriverStore\FileRepository\iigd_dch.inf_amd64_64f1ea0105c67ec6\igdumdim64.dll
0x00007ffe87870000 - 0x00007ffe87a15000 	C:\WINDOWS\System32\ole32.dll
0x00007ffe3fa00000 - 0x00007ffe40d6f000 	C:\WINDOWS\System32\DriverStore\FileRepository\iigd_dch.inf_amd64_64f1ea0105c67ec6\igd9dxva64.dll
0x00007ffe87e90000 - 0x00007ffe88304000 	C:\WINDOWS\System32\SETUPAPI.dll
0x00007ffe86b40000 - 0x00007ffe86b8e000 	C:\WINDOWS\SYSTEM32\cfgmgr32.dll
0x00007ffe3dcd0000 - 0x00007ffe3f9fb000 	C:\WINDOWS\System32\DriverStore\FileRepository\iigd_dch.inf_amd64_64f1ea0105c67ec6\media_bin_64.dll
0x00007ffe77880000 - 0x00007ffe77cbe000 	C:\WINDOWS\System32\DriverStore\FileRepository\iigd_dch.inf_amd64_64f1ea0105c67ec6\igdgmm64.dll
0x00007ffe7ccf0000 - 0x00007ffe7cd3a000 	C:\WINDOWS\SYSTEM32\directxdatabasehelper.dll
0x00007ffe4bbd0000 - 0x00007ffe4bc12000 	C:\Users\snamo\.openjfx\cache\20+19\amd64\glass.dll
0x00007ffe88a30000 - 0x00007ffe88b27000 	C:\WINDOWS\System32\COMDLG32.dll
0x00007ffe6fa50000 - 0x00007ffe6fb83000 	C:\ProgramData\A-Volute\A-Volute.Nahimic\Modules\Scheduled\x64\AudioDevProps2.dll
0x0000025310db0000 - 0x0000025310f03000 	C:\WINDOWS\System32\MSCTF.dll
0x00007ffe6dce0000 - 0x00007ffe6dd07000 	C:\WINDOWS\System32\DriverStore\FileRepository\iigd_dch.inf_amd64_64f1ea0105c67ec6\igdinfo64.dll
0x00007ffe2cd20000 - 0x00007ffe30d74000 	C:\WINDOWS\System32\DriverStore\FileRepository\iigd_dch.inf_amd64_64f1ea0105c67ec6\igc64.dll
0x00007ffe7c7a0000 - 0x00007ffe7c7b4000 	C:\Users\snamo\.openjfx\cache\20+19\amd64\javafx_font.dll
0x00007ffe80f30000 - 0x00007ffe811a4000 	C:\WINDOWS\SYSTEM32\dwrite.dll
0x00007ffe88630000 - 0x00007ffe886e0000 	C:\WINDOWS\System32\clbcatq.dll
0x00007ffe625a0000 - 0x00007ffe625fe000 	C:\WINDOWS\system32\dataexchange.dll
0x00007ffe7aa40000 - 0x00007ffe7accb000 	C:\WINDOWS\system32\twinapi.appcore.dll
0x00007ffe42650000 - 0x00007ffe42682000 	C:\Program Files\Common Files\Microsoft Shared\Ink\rtscom.dll

dbghelp: loaded successfully - version: 4.0.5 - missing functions: none
symbol engine: initialized successfully - sym options: 0x614 - pdb path: .;C:\Program Files\Java\jdk-21\bin;C:\WINDOWS\SYSTEM32;C:\WINDOWS\WinSxS\amd64_microsoft.windows.common-controls_6595b64144ccf1df_6.0.22621.3527_none_270e469b73872a76;C:\Program Files\Java\jdk-21\bin\server;C:\Users\snamo\.openjfx\cache\20+19\amd64;C:\WINDOWS\System32\DriverStore\FileRepository\iigd_dch.inf_amd64_64f1ea0105c67ec6;C:\ProgramData\A-Volute\A-Volute.Nahimic\Modules\Scheduled\x64;C:\Program Files\Common Files\Microsoft Shared\Ink

VM Arguments:
jvm_args: -agentlib:jdwp=transport=dt_socket,server=n,suspend=y,address=localhost:58724 -XX:+ShowCodeDetailsInExceptionMessages --module-path=C:\Users\snamo\Downloads\Addhere8 (5)\Addhere8 (3)\Addhere8\Addhere1 (6)\Addhere1 (5)\Addhere1 (2)\Addhere1\Addhere1\APP_T27\club\target\classes;C:\Users\snamo\.m2\repository\com\google\zxing\core\3.4.0\core-3.4.0.jar;C:\Users\snamo\.m2\repository\com\google\zxing\javase\3.4.0\javase-3.4.0.jar;C:\Users\snamo\.m2\repository\com\google\protobuf\protobuf-java\3.25.1\protobuf-java-3.25.1.jar;C:\Users\snamo\.m2\repository\org\openjfx\javafx-controls\20\javafx-controls-20-win.jar;C:\Users\snamo\.m2\repository\org\openjfx\javafx-graphics\20\javafx-graphics-20-win.jar;C:\Users\snamo\.m2\repository\org\openjfx\javafx-base\20\javafx-base-20-win.jar;C:\Users\snamo\.m2\repository\org\openjfx\javafx-fxml\20\javafx-fxml-20-win.jar;C:\Users\snamo\.m2\repository\com\sun\mail\javax.mail\1.6.2\javax.mail-1.6.2.jar -Djdk.module.main=com.example.demo1 
java_command: com.example.demo1/com.club.Controller.OurApplication
java_class_path (initial): C:\Users\snamo\.m2\repository\com\beust\jcommander\1.72\jcommander-1.72.jar;C:\Users\snamo\.m2\repository\com\github\jai-imageio\jai-imageio-core\1.4.0\jai-imageio-core-1.4.0.jar;C:\Users\snamo\.m2\repository\com\mysql\mysql-connector-j\8.3.0\mysql-connector-j-8.3.0.jar;C:\Users\snamo\.m2\repository\com\jfoenix\jfoenix\9.0.10\jfoenix-9.0.10.jar;C:\Users\snamo\.m2\repository\org\openjfx\javafx-controls\20\javafx-controls-20.jar;C:\Users\snamo\.m2\repository\org\openjfx\javafx-graphics\20\javafx-graphics-20.jar;C:\Users\snamo\.m2\repository\org\openjfx\javafx-base\20\javafx-base-20.jar;C:\Users\snamo\.m2\repository\org\openjfx\javafx-fxml\20\javafx-fxml-20.jar;C:\Users\snamo\.m2\repository\javax\activation\activation\1.1\activation-1.1.jar
Launcher Type: SUN_STANDARD

[Global flags]
     intx CICompilerCount                          = 4                                         {product} {ergonomic}
     uint ConcGCThreads                            = 3                                         {product} {ergonomic}
     uint G1ConcRefinementThreads                  = 10                                        {product} {ergonomic}
   size_t G1HeapRegionSize                         = 2097152                                   {product} {ergonomic}
    uintx GCDrainStackTargetSize                   = 64                                        {product} {ergonomic}
   size_t InitialHeapSize                          = 264241152                                 {product} {ergonomic}
   size_t MarkStackSize                            = 4194304                                   {product} {ergonomic}
   size_t MaxHeapSize                              = 4217372672                                {product} {ergonomic}
   size_t MaxNewSize                               = 2529165312                                {product} {ergonomic}
   size_t MinHeapDeltaBytes                        = 2097152                                   {product} {ergonomic}
   size_t MinHeapSize                              = 8388608                                   {product} {ergonomic}
    uintx NonNMethodCodeHeapSize                   = 5839372                                {pd product} {ergonomic}
    uintx NonProfiledCodeHeapSize                  = 122909434                              {pd product} {ergonomic}
    uintx ProfiledCodeHeapSize                     = 122909434                              {pd product} {ergonomic}
    uintx ReservedCodeCacheSize                    = 251658240                              {pd product} {ergonomic}
     bool SegmentedCodeCache                       = true                                      {product} {ergonomic}
     bool ShowCodeDetailsInExceptionMessages       = true                                   {manageable} {command line}
   size_t SoftMaxHeapSize                          = 4217372672                             {manageable} {ergonomic}
     bool UseCompressedOops                        = true                           {product lp64_product} {ergonomic}
     bool UseG1GC                                  = true                                      {product} {ergonomic}
     bool UseLargePagesIndividualAllocation        = false                                  {pd product} {ergonomic}

Logging:
Log output configuration:
 #0: stdout all=warning uptime,level,tags foldmultilines=false
 #1: stderr all=off uptime,level,tags foldmultilines=false

Environment Variables:
JAVA_HOME=C:\Program Files\Java\jdk-21
PATH=C:\apache-maven-3.9.6-bin\apache-maven-3.9.6\bin;C:\Users\snamo\AppData\Local\Programs\Python\Python312\Scripts\;C:\Users\snamo\AppData\Local\Programs\Python\Python312\;C:\Windows\System32;C:\Users\snamo\AppData\Local\Programs\Microsoft VS Code\bin;C:\Program Files\Java\jdk-21;C:\javafx-sdk-21.0.2;C:\javafx-sdk-21.0.2\lib;C:\Program Files\Java\jdk-21\bin;C:\ProgramData\Microsoft\Windows\Start Menu\Programs\Git;C:\Program Files\Git\bin;C:\Program Files\Git\cmd;C:\Users\snamo\AppData\Local\Programs\Python\Python312\Scripts\;C:\Users\snamo\AppData\Local\Programs\Python\Python312\;C:\Windows\System32;C:\Users\snamo\AppData\Local\Programs\Microsoft VS Code\bin;C:\Program Files\Java\jdk-21\bin;C:\Program Files\Git\cmd;C:\Program Files\Git\bin;
USERNAME=snamo
LANG=en_US.UTF-8
OS=Windows_NT
PROCESSOR_IDENTIFIER=Intel64 Family 6 Model 141 Stepping 1, GenuineIntel
TMP=C:\Users\snamo\AppData\Local\Temp
TEMP=C:\Users\snamo\AppData\Local\Temp




Periodic native trim disabled

---------------  S Y S T E M  ---------------

OS:
 Windows 11 , 64 bit Build 22621 (10.0.22621.3527)
OS uptime: 4 days 2:45 hours

CPU: total 12 (initial active 12) (6 cores per cpu, 2 threads per core) family 6 model 141 stepping 1 microcode 0x34, cx8, cmov, fxsr, ht, mmx, 3dnowpref, sse, sse2, sse3, ssse3, sse4.1, sse4.2, popcnt, lzcnt, tsc, tscinvbit, avx, avx2, aes, erms, clmul, bmi1, bmi2, adx, avx512f, avx512dq, avx512cd, avx512bw, avx512vl, sha, fma, vzeroupper, avx512_vpopcntdq, avx512_vpclmulqdq, avx512_vaes, avx512_vnni, clflush, clflushopt, clwb, avx512_vbmi2, avx512_vbmi, rdtscp, rdpid, fsrm, gfni, avx512_bitalg, f16c, pku, cet_ibt, cet_ss, avx512_ifma
Processor Information for all 12 processors :
  Max Mhz: 2688, Current Mhz: 2688, Mhz Limit: 2688

Memory: 4k page, system-wide physical 16085M (901M free)
TotalPageFile size 37335M (AvailPageFile size 0M)
current process WorkingSet (physical memory assigned to process): 152M, peak: 152M
current process commit charge ("private bytes"): 413M, peak: 413M

vm_info: Java HotSpot(TM) 64-Bit Server VM (21.0.2+13-LTS-58) for windows-amd64 JRE (21.0.2+13-LTS-58), built on 2024-01-05T18:32:24Z by "mach5one" with MS VC++ 17.1 (VS2022)

END.
